This is pdfTeX, Version 3.1415926-2.4-1.40.13 (MiKTeX 2.9) (preloaded format=pdflatex 2013.11.8)  7 DEC 2013 22:42
entering extended mode
**Cluster*analysis.tex
("D:\GitHub\Cluster-Analysis\CA\Cluster analysis.tex"
LaTeX2e <2011/06/27>
Babel <v3.8m> and hyphenation patterns for english, afrikaans, ancientgreek, ar
abic, armenian, assamese, basque, bengali, bokmal, bulgarian, catalan, coptic, 
croatian, czech, danish, dutch, esperanto, estonian, farsi, finnish, french, ga
lician, german, german-x-2012-05-30, greek, gujarati, hindi, hungarian, iceland
ic, indonesian, interlingua, irish, italian, kannada, kurmanji, latin, latvian,
 lithuanian, malayalam, marathi, mongolian, mongolianlmc, monogreek, ngerman, n
german-x-2012-05-30, nynorsk, oriya, panjabi, pinyin, polish, portuguese, roman
ian, russian, sanskrit, serbian, slovak, slovenian, spanish, swedish, swissgerm
an, tamil, telugu, turkish, turkmen, ukenglish, ukrainian, uppersorbian, usengl
ishmax, welsh, loaded.
(D:\MikTeX\tex\latex\base\article.cls
Document Class: article 2007/10/19 v1.4h Standard LaTeX document class
(D:\MikTeX\tex\latex\base\size11.clo
File: size11.clo 2007/10/19 v1.4h Standard LaTeX file (size option)
)
\c@part=\count79
\c@section=\count80
\c@subsection=\count81
\c@subsubsection=\count82
\c@paragraph=\count83
\c@subparagraph=\count84
\c@figure=\count85
\c@table=\count86
\abovecaptionskip=\skip41
\belowcaptionskip=\skip42
\bibindent=\dimen102
)
(D:\MikTeX\tex\latex\geometry\geometry.sty
Package: geometry 2010/09/12 v5.6 Page Geometry

(D:\MikTeX\tex\latex\graphics\keyval.sty
Package: keyval 1999/03/16 v1.13 key=value parser (DPC)
\KV@toks@=\toks14
)
(D:\MikTeX\tex\generic\oberdiek\ifpdf.sty
Package: ifpdf 2011/01/30 v2.3 Provides the ifpdf switch (HO)
Package ifpdf Info: pdfTeX in PDF mode is detected.
)
(D:\MikTeX\tex\generic\oberdiek\ifvtex.sty
Package: ifvtex 2010/03/01 v1.5 Detect VTeX and its facilities (HO)
Package ifvtex Info: VTeX not detected.
)
(D:\MikTeX\tex\generic\ifxetex\ifxetex.sty
Package: ifxetex 2010/09/12 v0.6 Provides ifxetex conditional
)
\Gm@cnth=\count87
\Gm@cntv=\count88
\c@Gm@tempcnt=\count89
\Gm@bindingoffset=\dimen103
\Gm@wd@mp=\dimen104
\Gm@odd@mp=\dimen105
\Gm@even@mp=\dimen106
\Gm@layoutwidth=\dimen107
\Gm@layoutheight=\dimen108
\Gm@layouthoffset=\dimen109
\Gm@layoutvoffset=\dimen110
\Gm@dimlist=\toks15

(D:\MikTeX\tex\latex\geometry\geometry.cfg))
(D:\MikTeX\tex\latex\graphics\graphicx.sty
Package: graphicx 1999/02/16 v1.0f Enhanced LaTeX Graphics (DPC,SPQR)

(D:\MikTeX\tex\latex\graphics\graphics.sty
Package: graphics 2009/02/05 v1.0o Standard LaTeX Graphics (DPC,SPQR)

(D:\MikTeX\tex\latex\graphics\trig.sty
Package: trig 1999/03/16 v1.09 sin cos tan (DPC)
)
(D:\MikTeX\tex\latex\00miktex\graphics.cfg
File: graphics.cfg 2007/01/18 v1.5 graphics configuration of teTeX/TeXLive
)
Package graphics Info: Driver file: pdftex.def on input line 91.

(D:\MikTeX\tex\latex\pdftex-def\pdftex.def
File: pdftex.def 2011/05/27 v0.06d Graphics/color for pdfTeX

(D:\MikTeX\tex\generic\oberdiek\infwarerr.sty
Package: infwarerr 2010/04/08 v1.3 Providing info/warning/error messages (HO)
)
(D:\MikTeX\tex\generic\oberdiek\ltxcmds.sty
Package: ltxcmds 2011/11/09 v1.22 LaTeX kernel commands for general use (HO)
)
\Gread@gobject=\count90
))
\Gin@req@height=\dimen111
\Gin@req@width=\dimen112
)
(D:\MikTeX\tex\latex\booktabs\booktabs.sty
Package: booktabs 2005/04/14 v1.61803 publication quality tables
\heavyrulewidth=\dimen113
\lightrulewidth=\dimen114
\cmidrulewidth=\dimen115
\belowrulesep=\dimen116
\belowbottomsep=\dimen117
\aboverulesep=\dimen118
\abovetopsep=\dimen119
\cmidrulesep=\dimen120
\cmidrulekern=\dimen121
\defaultaddspace=\dimen122
\@cmidla=\count91
\@cmidlb=\count92
\@aboverulesep=\dimen123
\@belowrulesep=\dimen124
\@thisruleclass=\count93
\@lastruleclass=\count94
\@thisrulewidth=\dimen125
)
(D:\MikTeX\tex\latex\tools\array.sty
Package: array 2008/09/09 v2.4c Tabular extension package (FMi)
\col@sep=\dimen126
\extrarowheight=\dimen127
\NC@list=\toks16
\extratabsurround=\skip43
\backup@length=\skip44
)
(D:\MikTeX\tex\latex\paralist\paralist.sty
Package: paralist 2013/06/09 v2.4 Extended list environments
\pltopsep=\skip45
\plpartopsep=\skip46
\plitemsep=\skip47
\plparsep=\skip48
\pl@lab=\toks17
)
(D:\MikTeX\tex\latex\tools\verbatim.sty
Package: verbatim 2003/08/22 v1.5q LaTeX2e package for verbatim enhancements
\every@verbatim=\toks18
\verbatim@line=\toks19
\verbatim@in@stream=\read1
) (D:\MikTeX\tex\latex\subfig\subfig.sty
Package: subfig 2005/06/28 ver: 1.3 subfig package
(D:\MikTeX\tex\latex\caption\caption.sty
Package: caption 2013/05/02 v3.3-89 Customizing captions (AR)

(D:\MikTeX\tex\latex\caption\caption3.sty
Package: caption3 2013/05/02 v1.6-88 caption3 kernel (AR)
Package caption3 Info: TeX engine: e-TeX on input line 57.
\captionmargin=\dimen128
\captionmargin@=\dimen129
\captionwidth=\dimen130
\caption@tempdima=\dimen131
\caption@indent=\dimen132
\caption@parindent=\dimen133
\caption@hangindent=\dimen134
)
\c@ContinuedFloat=\count95
)
\c@KVtest=\count96
\sf@farskip=\skip49
\sf@captopadj=\dimen135
\sf@capskip=\skip50
\sf@nearskip=\skip51
\c@subfigure=\count97
\c@subfigure@save=\count98
\c@lofdepth=\count99
\c@subtable=\count100
\c@subtable@save=\count101
\c@lotdepth=\count102
\sf@top=\skip52
\sf@bottom=\skip53
)
(D:\MikTeX\tex\latex\hyperref\hyperref.sty
Package: hyperref 2012/11/06 v6.83m Hypertext links for LaTeX

(D:\MikTeX\tex\generic\oberdiek\hobsub-hyperref.sty
Package: hobsub-hyperref 2012/04/25 v1.12 Bundle oberdiek, subset hyperref (HO)


(D:\MikTeX\tex\generic\oberdiek\hobsub-generic.sty
Package: hobsub-generic 2012/04/25 v1.12 Bundle oberdiek, subset generic (HO)
Package: hobsub 2012/04/25 v1.12 Construct package bundles (HO)
Package hobsub Info: Skipping package `infwarerr' (already loaded).
Package hobsub Info: Skipping package `ltxcmds' (already loaded).
Package: ifluatex 2010/03/01 v1.3 Provides the ifluatex switch (HO)
Package ifluatex Info: LuaTeX not detected.
Package hobsub Info: Skipping package `ifvtex' (already loaded).
Package: intcalc 2007/09/27 v1.1 Expandable calculations with integers (HO)
Package hobsub Info: Skipping package `ifpdf' (already loaded).
Package: etexcmds 2011/02/16 v1.5 Avoid name clashes with e-TeX commands (HO)
Package etexcmds Info: Could not find \expanded.
(etexcmds)             That can mean that you are not using pdfTeX 1.50 or
(etexcmds)             that some package has redefined \expanded.
(etexcmds)             In the latter case, load this package earlier.
Package: kvsetkeys 2012/04/25 v1.16 Key value parser (HO)
Package: kvdefinekeys 2011/04/07 v1.3 Define keys (HO)
Package: pdftexcmds 2011/11/29 v0.20 Utility functions of pdfTeX for LuaTeX (HO
)
Package pdftexcmds Info: LuaTeX not detected.
Package pdftexcmds Info: \pdf@primitive is available.
Package pdftexcmds Info: \pdf@ifprimitive is available.
Package pdftexcmds Info: \pdfdraftmode found.
Package: pdfescape 2011/11/25 v1.13 Implements pdfTeX's escape features (HO)
Package: bigintcalc 2012/04/08 v1.3 Expandable calculations on big integers (HO
)
Package: bitset 2011/01/30 v1.1 Handle bit-vector datatype (HO)
Package: uniquecounter 2011/01/30 v1.2 Provide unlimited unique counter (HO)
)
Package hobsub Info: Skipping package `hobsub' (already loaded).
Package: letltxmacro 2010/09/02 v1.4 Let assignment for LaTeX macros (HO)
Package: hopatch 2011/06/24 v1.1 Wrapper for package hooks (HO)
Package: xcolor-patch 2011/01/30 xcolor patch
Package: atveryend 2011/06/30 v1.8 Hooks at the very end of document (HO)
Package atveryend Info: \enddocument detected (standard20110627).
Package: atbegshi 2011/10/05 v1.16 At begin shipout hook (HO)
Package: refcount 2011/10/16 v3.4 Data extraction from label references (HO)
Package: hycolor 2011/01/30 v1.7 Color options for hyperref/bookmark (HO)
)
(D:\MikTeX\tex\latex\oberdiek\auxhook.sty
Package: auxhook 2011/03/04 v1.3 Hooks for auxiliary files (HO)
)
(D:\MikTeX\tex\latex\oberdiek\kvoptions.sty
Package: kvoptions 2011/06/30 v3.11 Key value format for package options (HO)
)
\@linkdim=\dimen136
\Hy@linkcounter=\count103
\Hy@pagecounter=\count104

(D:\MikTeX\tex\latex\hyperref\pd1enc.def
File: pd1enc.def 2012/11/06 v6.83m Hyperref: PDFDocEncoding definition (HO)
)
\Hy@SavedSpaceFactor=\count105

(D:\MikTeX\tex\latex\00miktex\hyperref.cfg
File: hyperref.cfg 2002/06/06 v1.2 hyperref configuration of TeXLive
)
Package hyperref Info: Hyper figures OFF on input line 4443.
Package hyperref Info: Link nesting OFF on input line 4448.
Package hyperref Info: Hyper index ON on input line 4451.
Package hyperref Info: Plain pages OFF on input line 4458.
Package hyperref Info: Backreferencing OFF on input line 4463.
Package hyperref Info: Implicit mode ON; LaTeX internals redefined.
Package hyperref Info: Bookmarks ON on input line 4688.
\c@Hy@tempcnt=\count106

(D:\MikTeX\tex\latex\ltxmisc\url.sty
\Urlmuskip=\muskip10
Package: url 2006/04/12  ver 3.3  Verb mode for urls, etc.
)
LaTeX Info: Redefining \url on input line 5041.
\XeTeXLinkMargin=\dimen137
\Fld@menulength=\count107
\Field@Width=\dimen138
\Fld@charsize=\dimen139
Package hyperref Info: Hyper figures OFF on input line 6295.
Package hyperref Info: Link nesting OFF on input line 6300.
Package hyperref Info: Hyper index ON on input line 6303.
Package hyperref Info: backreferencing OFF on input line 6310.
Package hyperref Info: Link coloring OFF on input line 6315.
Package hyperref Info: Link coloring with OCG OFF on input line 6320.
Package hyperref Info: PDF/A mode OFF on input line 6325.
LaTeX Info: Redefining \ref on input line 6365.
LaTeX Info: Redefining \pageref on input line 6369.
\Hy@abspage=\count108
\c@Item=\count109
\c@Hfootnote=\count110
)

Package hyperref Message: Driver (autodetected): hpdftex.

(D:\MikTeX\tex\latex\hyperref\hpdftex.def
File: hpdftex.def 2012/11/06 v6.83m Hyperref driver for pdfTeX
\Fld@listcount=\count111
\c@bookmark@seq@number=\count112

(D:\MikTeX\tex\latex\oberdiek\rerunfilecheck.sty
Package: rerunfilecheck 2011/04/15 v1.7 Rerun checks for auxiliary files (HO)
Package uniquecounter Info: New unique counter `rerunfilecheck' on input line 2
82.
)
\Hy@SectionHShift=\skip54
)
(D:\MikTeX\tex\latex\pdfpages\pdfpages.sty
Package: pdfpages 2013/08/25 v0.4v Insert pages of external PDF documents (AM)
 (D:\MikTeX\tex\latex\base\ifthen.sty
Package: ifthen 2001/05/26 v1.1c Standard LaTeX ifthen package (DPC)
) (D:\MikTeX\tex\latex\tools\calc.sty
Package: calc 2007/08/22 v4.3 Infix arithmetic (KKT,FJ)
\calc@Acount=\count113
\calc@Bcount=\count114
\calc@Adimen=\dimen140
\calc@Bdimen=\dimen141
\calc@Askip=\skip55
\calc@Bskip=\skip56
LaTeX Info: Redefining \setlength on input line 76.
LaTeX Info: Redefining \addtolength on input line 77.
\calc@Ccount=\count115
\calc@Cskip=\skip57
) (D:\MikTeX\tex\latex\eso-pic\eso-pic.sty
Package: eso-pic 2013/10/06 v2.0d eso-pic (RN)
(D:\MikTeX\tex\latex\xcolor\xcolor.sty
Package: xcolor 2007/01/21 v2.11 LaTeX color extensions (UK)
 (D:\MikTeX\tex\latex\00miktex\color.cfg
File: color.cfg 2007/01/18 v1.5 color configuration of teTeX/TeXLive
)
Package xcolor Info: Driver file: pdftex.def on input line 225.
Package xcolor Info: Model `cmy' substituted by `cmy0' on input line 1337.
Package xcolor Info: Model `hsb' substituted by `rgb' on input line 1341.
Package xcolor Info: Model `RGB' extended on input line 1353.
Package xcolor Info: Model `HTML' substituted by `rgb' on input line 1355.
Package xcolor Info: Model `Hsb' substituted by `hsb' on input line 1356.
Package xcolor Info: Model `tHsb' substituted by `hsb' on input line 1357.
Package xcolor Info: Model `HSB' substituted by `hsb' on input line 1358.
Package xcolor Info: Model `Gray' substituted by `gray' on input line 1359.
Package xcolor Info: Model `wave' substituted by `hsb' on input line 1360.
)) (D:\MikTeX\tex\latex\pdfpages\pppdftex.def
File: pppdftex.def 2013/08/25 v0.4v Pdfpages driver for pdfTeX (AM)
)
\AM@pagebox=\box26
\AM@toc@title=\toks20
\c@AM@survey=\count116
\AM@templatesizebox=\box27
)
(D:\MikTeX\tex\latex\fancyhdr\fancyhdr.sty
\fancy@headwidth=\skip58
\f@ncyO@elh=\skip59
\f@ncyO@erh=\skip60
\f@ncyO@olh=\skip61
\f@ncyO@orh=\skip62
\f@ncyO@elf=\skip63
\f@ncyO@erf=\skip64
\f@ncyO@olf=\skip65
\f@ncyO@orf=\skip66
)
(D:\MikTeX\tex\latex\sectsty\sectsty.sty
Package: sectsty 2002/02/25 v2.0.2 Commands to change all sectional heading sty
les
)
(D:\MikTeX\tex\latex\tocbibind\tocbibind.sty
Package: tocbibind 2010/10/13 v1.5k extra ToC listings
Package tocbibind Info: The document has section divisions on input line 50.


Package tocbibind Note: Using section or other style headings.

) (D:\MikTeX\tex\latex\tocloft\tocloft.sty
Package: tocloft 2013/05/02 v2.3f parameterised ToC, etc., typesetting
Package tocloft Info: The document has section divisions on input line 44.
\cftparskip=\skip67
\cftbeforetoctitleskip=\skip68
\cftaftertoctitleskip=\skip69
\cftbeforepartskip=\skip70
\cftpartnumwidth=\skip71
\cftpartindent=\skip72
\cftbeforesecskip=\skip73
\cftsecindent=\skip74
\cftsecnumwidth=\skip75
\cftbeforesubsecskip=\skip76
\cftsubsecindent=\skip77
\cftsubsecnumwidth=\skip78
\cftbeforesubsubsecskip=\skip79
\cftsubsubsecindent=\skip80
\cftsubsubsecnumwidth=\skip81
\cftbeforeparaskip=\skip82
\cftparaindent=\skip83
\cftparanumwidth=\skip84
\cftbeforesubparaskip=\skip85
\cftsubparaindent=\skip86
\cftsubparanumwidth=\skip87
\cftbeforeloftitleskip=\skip88
\cftafterloftitleskip=\skip89
\cftbeforefigskip=\skip90
\cftfigindent=\skip91
\cftfignumwidth=\skip92
\cftbeforelottitleskip=\skip93
\cftafterlottitleskip=\skip94
\cftbeforetabskip=\skip95
\cfttabindent=\skip96
\cfttabnumwidth=\skip97
\cftbeforesubfigskip=\skip98
\cftsubfigindent=\skip99
\cftsubfignumwidth=\skip100
\cftbeforesubtabskip=\skip101
\cftsubtabindent=\skip102
\cftsubtabnumwidth=\skip103
)
("D:\GitHub\Cluster-Analysis\CA\Cluster analysis.aux")
LaTeX Font Info:    Checking defaults for OML/cmm/m/it on input line 62.
LaTeX Font Info:    ... okay on input line 62.
LaTeX Font Info:    Checking defaults for T1/cmr/m/n on input line 62.
LaTeX Font Info:    ... okay on input line 62.
LaTeX Font Info:    Checking defaults for OT1/cmr/m/n on input line 62.
LaTeX Font Info:    ... okay on input line 62.
LaTeX Font Info:    Checking defaults for OMS/cmsy/m/n on input line 62.
LaTeX Font Info:    ... okay on input line 62.
LaTeX Font Info:    Checking defaults for OMX/cmex/m/n on input line 62.
LaTeX Font Info:    ... okay on input line 62.
LaTeX Font Info:    Checking defaults for U/cmr/m/n on input line 62.
LaTeX Font Info:    ... okay on input line 62.
LaTeX Font Info:    Checking defaults for PD1/pdf/m/n on input line 62.
LaTeX Font Info:    ... okay on input line 62.

*geometry* driver: auto-detecting
*geometry* detected driver: pdftex
*geometry* verbose mode - [ preamble ] result:
* driver: pdftex
* paper: letterpaper
* layout: <same size as paper>
* layoutoffset:(h,v)=(0.0pt,0.0pt)
* modes: 
* h-part:(L,W,R)=(92.14519pt, 430.00462pt, 92.14519pt)
* v-part:(T,H,B)=(95.39737pt, 556.47656pt, 143.09605pt)
* \paperwidth=614.295pt
* \paperheight=794.96999pt
* \textwidth=430.00462pt
* \textheight=556.47656pt
* \oddsidemargin=19.8752pt
* \evensidemargin=19.8752pt
* \topmargin=-13.87262pt
* \headheight=12.0pt
* \headsep=25.0pt
* \topskip=11.0pt
* \footskip=30.0pt
* \marginparwidth=59.0pt
* \marginparsep=10.0pt
* \columnsep=10.0pt
* \skip\footins=10.0pt plus 4.0pt minus 2.0pt
* \hoffset=0.0pt
* \voffset=0.0pt
* \mag=1000
* \@twocolumnfalse
* \@twosidefalse
* \@mparswitchfalse
* \@reversemarginfalse
* (1in=72.27pt=25.4mm, 1cm=28.453pt)

(D:\MikTeX\tex\context\base\supp-pdf.mkii
[Loading MPS to PDF converter (version 2006.09.02).]
\scratchcounter=\count117
\scratchdimen=\dimen142
\scratchbox=\box28
\nofMPsegments=\count118
\nofMParguments=\count119
\everyMPshowfont=\toks21
\MPscratchCnt=\count120
\MPscratchDim=\dimen143
\MPnumerator=\count121
\makeMPintoPDFobject=\count122
\everyMPtoPDFconversion=\toks22
)
Package caption Info: Begin \AtBeginDocument code.
Package caption Info: subfig package v1.3 is loaded.
Package caption Info: hyperref package is loaded.
Package caption Info: End \AtBeginDocument code.
\AtBeginShipoutBox=\box29
Package hyperref Info: Link coloring OFF on input line 62.
 (D:\MikTeX\tex\latex\hyperref\nameref.sty
Package: nameref 2012/10/27 v2.43 Cross-referencing by name of section

(D:\MikTeX\tex\generic\oberdiek\gettitlestring.sty
Package: gettitlestring 2010/12/03 v1.4 Cleanup title references (HO)
)
\c@section@level=\count123
)
LaTeX Info: Redefining \ref on input line 62.
LaTeX Info: Redefining \pageref on input line 62.
LaTeX Info: Redefining \nameref on input line 62.

("D:\GitHub\Cluster-Analysis\CA\Cluster analysis.out")
("D:\GitHub\Cluster-Analysis\CA\Cluster analysis.out")
\@outlinefile=\write3
LaTeX Font Info:    External font `cmex10' loaded for size
(Font)              <12> on input line 64.
LaTeX Font Info:    External font `cmex10' loaded for size
(Font)              <8> on input line 64.
LaTeX Font Info:    External font `cmex10' loaded for size
(Font)              <6> on input line 64.
Missing character: There is no â in font cmr10!
Missing character: There is no € in font cmr10!
Missing character: There is no ™ in font cmr10!
LaTeX Font Info:    External font `cmex10' loaded for size
(Font)              <10.95> on input line 71.
 [1

{C:/ProgramData/MiKTeX/2.9/pdftex/config/pdftex.map}]
Overfull \hbox (17.0189pt too wide) in paragraph at lines 75--94
[][]
 []

Missing character: There is no â in font cmr10!
Missing character: There is no € in font cmr10!
Missing character: There is no ™ in font cmr10!
Missing character: There is no â in font cmr10!
Missing character: There is no € in font cmr10!
Missing character: There is no ™ in font cmr10!
[2]
Underfull \hbox (badness 10000) in paragraph at lines 109--114

 []


Underfull \hbox (badness 10000) in paragraph at lines 109--114

 []


Underfull \hbox (badness 10000) in paragraph at lines 109--114

 []

[3] [4] [5]

pdfTeX warning: miktex-pdftex.exe (file D:/GitHub/Cluster-Analysis/CA/figures/C
AGraph1.pdf): PDF inclusion: found PDF version <1.7>, but at most version <1.5>
 allowed
<figures/CAGraph1.pdf, id=71, 794.97pt x 614.295pt>
File: figures/CAGraph1.pdf Graphic file (type pdf)
 <use figures/CAGraph1.pdf>
Package pdftex.def Info: figures/CAGraph1.pdf used on input line 147.
(pdftex.def)             Requested size: 794.96806pt x 614.29349pt.


pdfTeX warning: miktex-pdftex.exe (file D:/GitHub/Cluster-Analysis/CA/figures/C
AGraph1.pdf): PDF inclusion: found PDF version <1.7>, but at most version <1.5>
 allowed
File: figures/CAGraph1.pdf Graphic file (type pdf)
<use figures/CAGraph1.pdf>
Package pdftex.def Info: figures/CAGraph1.pdf used on input line 147.
(pdftex.def)             Requested size: 794.96806pt x 614.29349pt.


pdfTeX warning: miktex-pdftex.exe (file D:/GitHub/Cluster-Analysis/CA/figures/C
AGraph1.pdf): PDF inclusion: found PDF version <1.7>, but at most version <1.5>
 allowed


pdfTeX warning: miktex-pdftex.exe (file D:/GitHub/Cluster-Analysis/CA/figures/C
AGraph1.pdf): PDF inclusion: found PDF version <1.7>, but at most version <1.5>
 allowed
<figures/CAGraph1.pdf, id=74, page=1, 794.97pt x 614.295pt>
File: figures/CAGraph1.pdf Graphic file (type pdf)

<use figures/CAGraph1.pdf, page 1>
Package pdftex.def Info: figures/CAGraph1.pdf, page1 used on input line 147.
(pdftex.def)             Requested size: 1152.70126pt x 890.72368pt.
File: figures/CAGraph1.pdf Graphic file (type pdf)
 <use figures/CAGraph1.pdf, page 1>
Package pdftex.def Info: figures/CAGraph1.pdf, page1 used on input line 147.
(pdftex.def)             Requested size: 1152.70126pt x 890.72368pt.
File: figures/CAGraph1.pdf Graphic file (type pdf)

<use figures/CAGraph1.pdf, page 1>
Package pdftex.def Info: figures/CAGraph1.pdf, page1 used on input line 147.
(pdftex.def)             Requested size: 1152.70126pt x 890.72368pt.
File: figures/CAGraph1.pdf Graphic file (type pdf)
 <use figures/CAGraph1.pdf, page 1>
Package pdftex.def Info: figures/CAGraph1.pdf, page1 used on input line 147.
(pdftex.def)             Requested size: 1152.70126pt x 890.72368pt.
 [6 <D:/GitHub/Cluster-Analysis/CA/figures/CAGraph1.pdf>]

pdfTeX warning: miktex-pdftex.exe (file D:/GitHub/Cluster-Analysis/CA/figures/C
AGraph2.pdf): PDF inclusion: found PDF version <1.7>, but at most version <1.5>
 allowed
<figures/CAGraph2.pdf, id=86, 794.97pt x 614.295pt>
File: figures/CAGraph2.pdf Graphic file (type pdf)
 <use figures/CAGraph2.pdf>
Package pdftex.def Info: figures/CAGraph2.pdf used on input line 151.
(pdftex.def)             Requested size: 794.96806pt x 614.29349pt.


pdfTeX warning: miktex-pdftex.exe (file D:/GitHub/Cluster-Analysis/CA/figures/C
AGraph2.pdf): PDF inclusion: found PDF version <1.7>, but at most version <1.5>
 allowed
File: figures/CAGraph2.pdf Graphic file (type pdf)
<use figures/CAGraph2.pdf>
Package pdftex.def Info: figures/CAGraph2.pdf used on input line 151.
(pdftex.def)             Requested size: 794.96806pt x 614.29349pt.


pdfTeX warning: miktex-pdftex.exe (file D:/GitHub/Cluster-Analysis/CA/figures/C
AGraph2.pdf): PDF inclusion: found PDF version <1.7>, but at most version <1.5>
 allowed


pdfTeX warning: miktex-pdftex.exe (file D:/GitHub/Cluster-Analysis/CA/figures/C
AGraph2.pdf): PDF inclusion: found PDF version <1.7>, but at most version <1.5>
 allowed
<figures/CAGraph2.pdf, id=89, page=1, 794.97pt x 614.295pt>
File: figures/CAGraph2.pdf Graphic file (type pdf)

<use figures/CAGraph2.pdf, page 1>
Package pdftex.def Info: figures/CAGraph2.pdf, page1 used on input line 151.
(pdftex.def)             Requested size: 1152.70126pt x 890.72368pt.
File: figures/CAGraph2.pdf Graphic file (type pdf)
 <use figures/CAGraph2.pdf, page 1>
Package pdftex.def Info: figures/CAGraph2.pdf, page1 used on input line 151.
(pdftex.def)             Requested size: 1152.70126pt x 890.72368pt.
File: figures/CAGraph2.pdf Graphic file (type pdf)

<use figures/CAGraph2.pdf, page 1>
Package pdftex.def Info: figures/CAGraph2.pdf, page1 used on input line 151.
(pdftex.def)             Requested size: 1152.70126pt x 890.72368pt.
File: figures/CAGraph2.pdf Graphic file (type pdf)
 <use figures/CAGraph2.pdf, page 1>
Package pdftex.def Info: figures/CAGraph2.pdf, page1 used on input line 151.
(pdftex.def)             Requested size: 1152.70126pt x 890.72368pt.
 [7 <D:/GitHub/Cluster-Analysis/CA/figures/CAGraph2.pdf>]

pdfTeX warning: miktex-pdftex.exe (file D:/GitHub/Cluster-Analysis/CA/figures/C
AGraph3.pdf): PDF inclusion: found PDF version <1.7>, but at most version <1.5>
 allowed
<figures/CAGraph3.pdf, id=102, 794.97pt x 614.295pt>
File: figures/CAGraph3.pdf Graphic file (type pdf)

<use figures/CAGraph3.pdf>
Package pdftex.def Info: figures/CAGraph3.pdf used on input line 155.
(pdftex.def)             Requested size: 794.96806pt x 614.29349pt.


pdfTeX warning: miktex-pdftex.exe (file D:/GitHub/Cluster-Analysis/CA/figures/C
AGraph3.pdf): PDF inclusion: found PDF version <1.7>, but at most version <1.5>
 allowed
File: figures/CAGraph3.pdf Graphic file (type pdf)
<use figures/CAGraph3.pdf>
Package pdftex.def Info: figures/CAGraph3.pdf used on input line 155.
(pdftex.def)             Requested size: 794.96806pt x 614.29349pt.


pdfTeX warning: miktex-pdftex.exe (file D:/GitHub/Cluster-Analysis/CA/figures/C
AGraph3.pdf): PDF inclusion: found PDF version <1.7>, but at most version <1.5>
 allowed


pdfTeX warning: miktex-pdftex.exe (file D:/GitHub/Cluster-Analysis/CA/figures/C
AGraph3.pdf): PDF inclusion: found PDF version <1.7>, but at most version <1.5>
 allowed
<figures/CAGraph3.pdf, id=105, page=1, 794.97pt x 614.295pt>
File: figures/CAGraph3.pdf Graphic file (type pdf)

<use figures/CAGraph3.pdf, page 1>
Package pdftex.def Info: figures/CAGraph3.pdf, page1 used on input line 155.
(pdftex.def)             Requested size: 1152.70126pt x 890.72368pt.
File: figures/CAGraph3.pdf Graphic file (type pdf)
 <use figures/CAGraph3.pdf, page 1>
Package pdftex.def Info: figures/CAGraph3.pdf, page1 used on input line 155.
(pdftex.def)             Requested size: 1152.70126pt x 890.72368pt.
File: figures/CAGraph3.pdf Graphic file (type pdf)

<use figures/CAGraph3.pdf, page 1>
Package pdftex.def Info: figures/CAGraph3.pdf, page1 used on input line 155.
(pdftex.def)             Requested size: 1152.70126pt x 890.72368pt.
File: figures/CAGraph3.pdf Graphic file (type pdf)
 <use figures/CAGraph3.pdf, page 1>
Package pdftex.def Info: figures/CAGraph3.pdf, page1 used on input line 155.
(pdftex.def)             Requested size: 1152.70126pt x 890.72368pt.
 [8 <D:/GitHub/Cluster-Analysis/CA/figures/CAGraph3.pdf>]

pdfTeX warning: miktex-pdftex.exe (file D:/GitHub/Cluster-Analysis/CA/figures/C
AGraph6.pdf): PDF inclusion: found PDF version <1.7>, but at most version <1.5>
 allowed
<figures/CAGraph6.pdf, id=117, 794.97pt x 614.295pt>
File: figures/CAGraph6.pdf Graphic file (type pdf)

<use figures/CAGraph6.pdf>
Package pdftex.def Info: figures/CAGraph6.pdf used on input line 159.
(pdftex.def)             Requested size: 794.96806pt x 614.29349pt.


pdfTeX warning: miktex-pdftex.exe (file D:/GitHub/Cluster-Analysis/CA/figures/C
AGraph6.pdf): PDF inclusion: found PDF version <1.7>, but at most version <1.5>
 allowed
File: figures/CAGraph6.pdf Graphic file (type pdf)
<use figures/CAGraph6.pdf>
Package pdftex.def Info: figures/CAGraph6.pdf used on input line 159.
(pdftex.def)             Requested size: 794.96806pt x 614.29349pt.


pdfTeX warning: miktex-pdftex.exe (file D:/GitHub/Cluster-Analysis/CA/figures/C
AGraph6.pdf): PDF inclusion: found PDF version <1.7>, but at most version <1.5>
 allowed


pdfTeX warning: miktex-pdftex.exe (file D:/GitHub/Cluster-Analysis/CA/figures/C
AGraph6.pdf): PDF inclusion: found PDF version <1.7>, but at most version <1.5>
 allowed
<figures/CAGraph6.pdf, id=120, page=1, 794.97pt x 614.295pt>
File: figures/CAGraph6.pdf Graphic file (type pdf)

<use figures/CAGraph6.pdf, page 1>
Package pdftex.def Info: figures/CAGraph6.pdf, page1 used on input line 159.
(pdftex.def)             Requested size: 1152.70126pt x 890.72368pt.
File: figures/CAGraph6.pdf Graphic file (type pdf)
 <use figures/CAGraph6.pdf, page 1>
Package pdftex.def Info: figures/CAGraph6.pdf, page1 used on input line 159.
(pdftex.def)             Requested size: 1152.70126pt x 890.72368pt.
File: figures/CAGraph6.pdf Graphic file (type pdf)

<use figures/CAGraph6.pdf, page 1>
Package pdftex.def Info: figures/CAGraph6.pdf, page1 used on input line 159.
(pdftex.def)             Requested size: 1152.70126pt x 890.72368pt.
File: figures/CAGraph6.pdf Graphic file (type pdf)
 <use figures/CAGraph6.pdf, page 1>
Package pdftex.def Info: figures/CAGraph6.pdf, page1 used on input line 159.
(pdftex.def)             Requested size: 1152.70126pt x 890.72368pt.
 [9 <D:/GitHub/Cluster-Analysis/CA/figures/CAGraph6.pdf>]

pdfTeX warning: miktex-pdftex.exe (file D:/GitHub/Cluster-Analysis/CA/figures/C
AGraph8.pdf): PDF inclusion: found PDF version <1.7>, but at most version <1.5>
 allowed
<figures/CAGraph8.pdf, id=132, 794.97pt x 614.295pt>
File: figures/CAGraph8.pdf Graphic file (type pdf)

<use figures/CAGraph8.pdf>
Package pdftex.def Info: figures/CAGraph8.pdf used on input line 163.
(pdftex.def)             Requested size: 794.96806pt x 614.29349pt.


pdfTeX warning: miktex-pdftex.exe (file D:/GitHub/Cluster-Analysis/CA/figures/C
AGraph8.pdf): PDF inclusion: found PDF version <1.7>, but at most version <1.5>
 allowed
File: figures/CAGraph8.pdf Graphic file (type pdf)
<use figures/CAGraph8.pdf>
Package pdftex.def Info: figures/CAGraph8.pdf used on input line 163.
(pdftex.def)             Requested size: 794.96806pt x 614.29349pt.


pdfTeX warning: miktex-pdftex.exe (file D:/GitHub/Cluster-Analysis/CA/figures/C
AGraph8.pdf): PDF inclusion: found PDF version <1.7>, but at most version <1.5>
 allowed


pdfTeX warning: miktex-pdftex.exe (file D:/GitHub/Cluster-Analysis/CA/figures/C
AGraph8.pdf): PDF inclusion: found PDF version <1.7>, but at most version <1.5>
 allowed
<figures/CAGraph8.pdf, id=135, page=1, 794.97pt x 614.295pt>
File: figures/CAGraph8.pdf Graphic file (type pdf)

<use figures/CAGraph8.pdf, page 1>
Package pdftex.def Info: figures/CAGraph8.pdf, page1 used on input line 163.
(pdftex.def)             Requested size: 1152.70126pt x 890.72368pt.
File: figures/CAGraph8.pdf Graphic file (type pdf)
 <use figures/CAGraph8.pdf, page 1>
Package pdftex.def Info: figures/CAGraph8.pdf, page1 used on input line 163.
(pdftex.def)             Requested size: 1152.70126pt x 890.72368pt.
File: figures/CAGraph8.pdf Graphic file (type pdf)

<use figures/CAGraph8.pdf, page 1>
Package pdftex.def Info: figures/CAGraph8.pdf, page1 used on input line 163.
(pdftex.def)             Requested size: 1152.70126pt x 890.72368pt.
File: figures/CAGraph8.pdf Graphic file (type pdf)
 <use figures/CAGraph8.pdf, page 1>
Package pdftex.def Info: figures/CAGraph8.pdf, page1 used on input line 163.
(pdftex.def)             Requested size: 1152.70126pt x 890.72368pt.
 [10 <D:/GitHub/Cluster-Analysis/CA/figures/CAGraph8.pdf>]

pdfTeX warning: miktex-pdftex.exe (file D:/GitHub/Cluster-Analysis/CA/figures/C
AGraph9.pdf): PDF inclusion: found PDF version <1.7>, but at most version <1.5>
 allowed
<figures/CAGraph9.pdf, id=147, 794.97pt x 614.295pt>
File: figures/CAGraph9.pdf Graphic file (type pdf)

<use figures/CAGraph9.pdf>
Package pdftex.def Info: figures/CAGraph9.pdf used on input line 167.
(pdftex.def)             Requested size: 794.96806pt x 614.29349pt.


pdfTeX warning: miktex-pdftex.exe (file D:/GitHub/Cluster-Analysis/CA/figures/C
AGraph9.pdf): PDF inclusion: found PDF version <1.7>, but at most version <1.5>
 allowed
File: figures/CAGraph9.pdf Graphic file (type pdf)
<use figures/CAGraph9.pdf>
Package pdftex.def Info: figures/CAGraph9.pdf used on input line 167.
(pdftex.def)             Requested size: 794.96806pt x 614.29349pt.


pdfTeX warning: miktex-pdftex.exe (file D:/GitHub/Cluster-Analysis/CA/figures/C
AGraph9.pdf): PDF inclusion: found PDF version <1.7>, but at most version <1.5>
 allowed


pdfTeX warning: miktex-pdftex.exe (file D:/GitHub/Cluster-Analysis/CA/figures/C
AGraph9.pdf): PDF inclusion: found PDF version <1.7>, but at most version <1.5>
 allowed
<figures/CAGraph9.pdf, id=150, page=1, 794.97pt x 614.295pt>
File: figures/CAGraph9.pdf Graphic file (type pdf)

<use figures/CAGraph9.pdf, page 1>
Package pdftex.def Info: figures/CAGraph9.pdf, page1 used on input line 167.
(pdftex.def)             Requested size: 1152.70126pt x 890.72368pt.
File: figures/CAGraph9.pdf Graphic file (type pdf)
 <use figures/CAGraph9.pdf, page 1>
Package pdftex.def Info: figures/CAGraph9.pdf, page1 used on input line 167.
(pdftex.def)             Requested size: 1152.70126pt x 890.72368pt.
File: figures/CAGraph9.pdf Graphic file (type pdf)

<use figures/CAGraph9.pdf, page 1>
Package pdftex.def Info: figures/CAGraph9.pdf, page1 used on input line 167.
(pdftex.def)             Requested size: 1152.70126pt x 890.72368pt.
File: figures/CAGraph9.pdf Graphic file (type pdf)
 <use figures/CAGraph9.pdf, page 1>
Package pdftex.def Info: figures/CAGraph9.pdf, page1 used on input line 167.
(pdftex.def)             Requested size: 1152.70126pt x 890.72368pt.
 [11 <D:/GitHub/Cluster-Analysis/CA/figures/CAGraph9.pdf>]

pdfTeX warning: miktex-pdftex.exe (file D:/GitHub/Cluster-Analysis/CA/figures/C
AGraph10.pdf): PDF inclusion: found PDF version <1.7>, but at most version <1.5
> allowed
<figures/CAGraph10.pdf, id=163, 614.295pt x 794.97pt>
File: figures/CAGraph10.pdf Graphic file (type pdf)

<use figures/CAGraph10.pdf>
Package pdftex.def Info: figures/CAGraph10.pdf used on input line 171.
(pdftex.def)             Requested size: 614.29349pt x 794.96806pt.


pdfTeX warning: miktex-pdftex.exe (file D:/GitHub/Cluster-Analysis/CA/figures/C
AGraph10.pdf): PDF inclusion: found PDF version <1.7>, but at most version <1.5
> allowed
File: figures/CAGraph10.pdf Graphic file (type pdf)
<use figures/CAGraph10.pdf>
Package pdftex.def Info: figures/CAGraph10.pdf used on input line 171.
(pdftex.def)             Requested size: 614.29349pt x 794.96806pt.


pdfTeX warning: miktex-pdftex.exe (file D:/GitHub/Cluster-Analysis/CA/figures/C
AGraph10.pdf): PDF inclusion: found PDF version <1.7>, but at most version <1.5
> allowed


pdfTeX warning: miktex-pdftex.exe (file D:/GitHub/Cluster-Analysis/CA/figures/C
AGraph10.pdf): PDF inclusion: found PDF version <1.7>, but at most version <1.5
> allowed
<figures/CAGraph10.pdf, id=166, page=1, 614.295pt x 794.97pt>
File: figures/CAGraph10.pdf Graphic file (type pdf)

<use figures/CAGraph10.pdf, page 1>
Package pdftex.def Info: figures/CAGraph10.pdf, page1 used on input line 171.
(pdftex.def)             Requested size: 614.29349pt x 794.96806pt.
File: figures/CAGraph10.pdf Graphic file (type pdf)
 <use figures/CAGraph10.pdf, page 1>
Package pdftex.def Info: figures/CAGraph10.pdf, page1 used on input line 171.
(pdftex.def)             Requested size: 614.29349pt x 794.96806pt.
File: figures/CAGraph10.pdf Graphic file (type pdf)

<use figures/CAGraph10.pdf, page 1>
Package pdftex.def Info: figures/CAGraph10.pdf, page1 used on input line 171.
(pdftex.def)             Requested size: 614.29349pt x 794.96806pt.
File: figures/CAGraph10.pdf Graphic file (type pdf)
 <use figures/CAGraph10.pdf, page 1>
Package pdftex.def Info: figures/CAGraph10.pdf, page1 used on input line 171.
(pdftex.def)             Requested size: 614.29349pt x 794.96806pt.

[12 <D:/GitHub/Cluster-Analysis/CA/figures/CAGraph10.pdf>]
Package atveryend Info: Empty hook `BeforeClearDocument' on input line 174.
Package atveryend Info: Empty hook `AfterLastShipout' on input line 174.

("D:\GitHub\Cluster-Analysis\CA\Cluster analysis.aux")
Package atveryend Info: Executing hook `AtVeryEndDocument' on input line 174.
Package atveryend Info: Executing hook `AtEndAfterFileList' on input line 174.
Package rerunfilecheck Info: File `Cluster*analysis.out' has not changed.
(rerunfilecheck)             Checksum: <no file>.
Package atveryend Info: Empty hook `AtVeryVeryEnd' on input line 174.
 ) 
Here is how much of TeX's memory you used:
 8553 strings out of 493921
 127178 string characters out of 3154506
 229455 words of memory out of 3000000
 11731 multiletter control sequences out of 15000+200000
 10051 words of font info for 35 fonts, out of 3000000 for 9000
 841 hyphenation exceptions out of 8191
 44i,19n,45p,2614b,457s stack positions out of 5000i,500n,10000p,200000b,50000s
<D:/MikTeX/fonts/type1/public/amsfonts/cm/cmr10.pfb><D:/MikTeX/fonts/type1/pu
blic/amsfonts/cm/cmr12.pfb><D:/MikTeX/fonts/type1/public/amsfonts/cm/cmr17.pfb>
<D:/MikTeX/fonts/type1/public/amsfonts/cm/cmss12.pfb><D:/MikTeX/fonts/type1/pub
lic/amsfonts/cm/cmti10.pfb>
Output written on "Cluster analysis.pdf" (12 pages, 337650 bytes).
PDF statistics:
 204 PDF objects out of 1000 (max. 8388607)
 28 named destinations out of 1000 (max. 500000)
 197 words of extra memory for PDF output out of 10000 (max. 10000000)

