This is pdfTeX, Version 3.1415926-2.4-1.40.13 (MiKTeX 2.9) (preloaded format=pdflatex 2013.11.8)  11 NOV 2013 14:18
entering extended mode
**E:/New*folder*(2)/Google*Drive/School/Grad*School/Thesis/LyX/ut-thesis-templa
te/my-dissertation.tex

("E:/New folder (2)/Google Drive/School/Grad School/Thesis/LyX/ut-thesis-templa
te/my-dissertation.tex"
LaTeX2e <2011/06/27>
Babel <v3.8m> and hyphenation patterns for english, afrikaans, ancientgreek, ar
abic, armenian, assamese, basque, bengali, bokmal, bulgarian, catalan, coptic, 
croatian, czech, danish, dutch, esperanto, estonian, farsi, finnish, french, ga
lician, german, german-x-2012-05-30, greek, gujarati, hindi, hungarian, iceland
ic, indonesian, interlingua, irish, italian, kannada, kurmanji, latin, latvian,
 lithuanian, malayalam, marathi, mongolian, mongolianlmc, monogreek, ngerman, n
german-x-2012-05-30, nynorsk, oriya, panjabi, pinyin, polish, portuguese, roman
ian, russian, sanskrit, serbian, slovak, slovenian, spanish, swedish, swissgerm
an, tamil, telugu, turkish, turkmen, ukenglish, ukrainian, uppersorbian, usengl
ishmax, welsh, loaded.

("E:\New folder (2)\Google Drive\School\Grad School\Thesis\LyX\ut-thesis-templa
te\utthesis.cls"
utthesis.cls
ver 1.0.0
Created by Tony Saad
March 30, 2010
Some parts and settings of this class are based on the template provided by Dav
id L. Page.
Document Class: utthesis 
(D:\MikTeX\tex\latex\base\report.cls
Document Class: report 2007/10/19 v1.4h Standard LaTeX document class
(D:\MikTeX\tex\latex\base\size12.clo
File: size12.clo 2007/10/19 v1.4h Standard LaTeX file (size option)
)
\c@part=\count79
\c@chapter=\count80
\c@section=\count81
\c@subsection=\count82
\c@subsubsection=\count83
\c@paragraph=\count84
\c@subparagraph=\count85
\c@figure=\count86
\c@table=\count87
\abovecaptionskip=\skip41
\belowcaptionskip=\skip42
\bibindent=\dimen102
) (D:\MikTeX\tex\latex\amsmath\amsmath.sty
Package: amsmath 2013/01/14 v2.14 AMS math features
\@mathmargin=\skip43
For additional information on amsmath, use the `?' option.
(D:\MikTeX\tex\latex\amsmath\amstext.sty
Package: amstext 2000/06/29 v2.01

(D:\MikTeX\tex\latex\amsmath\amsgen.sty
File: amsgen.sty 1999/11/30 v2.0
\@emptytoks=\toks14
\ex@=\dimen103
))
(D:\MikTeX\tex\latex\amsmath\amsbsy.sty
Package: amsbsy 1999/11/29 v1.2d
\pmbraise@=\dimen104
)
(D:\MikTeX\tex\latex\amsmath\amsopn.sty
Package: amsopn 1999/12/14 v2.01 operator names
)
\inf@bad=\count88
LaTeX Info: Redefining \frac on input line 210.
\uproot@=\count89
\leftroot@=\count90
LaTeX Info: Redefining \overline on input line 306.
\classnum@=\count91
\DOTSCASE@=\count92
LaTeX Info: Redefining \ldots on input line 378.
LaTeX Info: Redefining \dots on input line 381.
LaTeX Info: Redefining \cdots on input line 466.
\Mathstrutbox@=\box26
\strutbox@=\box27
\big@size=\dimen105
LaTeX Font Info:    Redeclaring font encoding OML on input line 566.
LaTeX Font Info:    Redeclaring font encoding OMS on input line 567.
\macc@depth=\count93
\c@MaxMatrixCols=\count94
\dotsspace@=\muskip10
\c@parentequation=\count95
\dspbrk@lvl=\count96
\tag@help=\toks15
\row@=\count97
\column@=\count98
\maxfields@=\count99
\andhelp@=\toks16
\eqnshift@=\dimen106
\alignsep@=\dimen107
\tagshift@=\dimen108
\tagwidth@=\dimen109
\totwidth@=\dimen110
\lineht@=\dimen111
\@envbody=\toks17
\multlinegap=\skip44
\multlinetaggap=\skip45
\mathdisplay@stack=\toks18
LaTeX Info: Redefining \[ on input line 2665.
LaTeX Info: Redefining \] on input line 2666.
)
(D:\MikTeX\tex\latex\amscls\amsthm.sty
Package: amsthm 2004/08/06 v2.20
\thm@style=\toks19
\thm@bodyfont=\toks20
\thm@headfont=\toks21
\thm@notefont=\toks22
\thm@headpunct=\toks23
\thm@preskip=\skip46
\thm@postskip=\skip47
\thm@headsep=\skip48
\dth@everypar=\toks24
)
(D:\MikTeX\tex\latex\amsfonts\amssymb.sty
Package: amssymb 2013/01/14 v3.01 AMS font symbols

(D:\MikTeX\tex\latex\amsfonts\amsfonts.sty
Package: amsfonts 2013/01/14 v3.01 Basic AMSFonts support
\symAMSa=\mathgroup4
\symAMSb=\mathgroup5
LaTeX Font Info:    Overwriting math alphabet `\mathfrak' in version `bold'
(Font)                  U/euf/m/n --> U/euf/b/n on input line 106.
))
(D:\MikTeX\tex\latex\setspace\setspace.sty
Package: setspace 2011/12/19 v6.7a set line spacing
)
(D:\MikTeX\tex\latex\geometry\geometry.sty
Package: geometry 2010/09/12 v5.6 Page Geometry

(D:\MikTeX\tex\latex\graphics\keyval.sty
Package: keyval 1999/03/16 v1.13 key=value parser (DPC)
\KV@toks@=\toks25
)
(D:\MikTeX\tex\generic\oberdiek\ifpdf.sty
Package: ifpdf 2011/01/30 v2.3 Provides the ifpdf switch (HO)
Package ifpdf Info: pdfTeX in PDF mode is detected.
)
(D:\MikTeX\tex\generic\oberdiek\ifvtex.sty
Package: ifvtex 2010/03/01 v1.5 Detect VTeX and its facilities (HO)
Package ifvtex Info: VTeX not detected.
)
(D:\MikTeX\tex\generic\ifxetex\ifxetex.sty
Package: ifxetex 2010/09/12 v0.6 Provides ifxetex conditional
)
\Gm@cnth=\count100
\Gm@cntv=\count101
\c@Gm@tempcnt=\count102
\Gm@bindingoffset=\dimen112
\Gm@wd@mp=\dimen113
\Gm@odd@mp=\dimen114
\Gm@even@mp=\dimen115
\Gm@layoutwidth=\dimen116
\Gm@layoutheight=\dimen117
\Gm@layouthoffset=\dimen118
\Gm@layoutvoffset=\dimen119
\Gm@dimlist=\toks26

(D:\MikTeX\tex\latex\geometry\geometry.cfg))
(D:\MikTeX\tex\latex\hyperref\hyperref.sty
Package: hyperref 2012/11/06 v6.83m Hypertext links for LaTeX

(D:\MikTeX\tex\generic\oberdiek\hobsub-hyperref.sty
Package: hobsub-hyperref 2012/04/25 v1.12 Bundle oberdiek, subset hyperref (HO)


(D:\MikTeX\tex\generic\oberdiek\hobsub-generic.sty
Package: hobsub-generic 2012/04/25 v1.12 Bundle oberdiek, subset generic (HO)
Package: hobsub 2012/04/25 v1.12 Construct package bundles (HO)
Package: infwarerr 2010/04/08 v1.3 Providing info/warning/error messages (HO)
Package: ltxcmds 2011/11/09 v1.22 LaTeX kernel commands for general use (HO)
Package: ifluatex 2010/03/01 v1.3 Provides the ifluatex switch (HO)
Package ifluatex Info: LuaTeX not detected.
Package hobsub Info: Skipping package `ifvtex' (already loaded).
Package: intcalc 2007/09/27 v1.1 Expandable calculations with integers (HO)
Package hobsub Info: Skipping package `ifpdf' (already loaded).
Package: etexcmds 2011/02/16 v1.5 Avoid name clashes with e-TeX commands (HO)
Package etexcmds Info: Could not find \expanded.
(etexcmds)             That can mean that you are not using pdfTeX 1.50 or
(etexcmds)             that some package has redefined \expanded.
(etexcmds)             In the latter case, load this package earlier.
Package: kvsetkeys 2012/04/25 v1.16 Key value parser (HO)
Package: kvdefinekeys 2011/04/07 v1.3 Define keys (HO)
Package: pdftexcmds 2011/11/29 v0.20 Utility functions of pdfTeX for LuaTeX (HO
)
Package pdftexcmds Info: LuaTeX not detected.
Package pdftexcmds Info: \pdf@primitive is available.
Package pdftexcmds Info: \pdf@ifprimitive is available.
Package pdftexcmds Info: \pdfdraftmode found.
Package: pdfescape 2011/11/25 v1.13 Implements pdfTeX's escape features (HO)
Package: bigintcalc 2012/04/08 v1.3 Expandable calculations on big integers (HO
)
Package: bitset 2011/01/30 v1.1 Handle bit-vector datatype (HO)
Package: uniquecounter 2011/01/30 v1.2 Provide unlimited unique counter (HO)
)
Package hobsub Info: Skipping package `hobsub' (already loaded).
Package: letltxmacro 2010/09/02 v1.4 Let assignment for LaTeX macros (HO)
Package: hopatch 2011/06/24 v1.1 Wrapper for package hooks (HO)
Package: xcolor-patch 2011/01/30 xcolor patch
Package: atveryend 2011/06/30 v1.8 Hooks at the very end of document (HO)
Package atveryend Info: \enddocument detected (standard20110627).
Package: atbegshi 2011/10/05 v1.16 At begin shipout hook (HO)
Package: refcount 2011/10/16 v3.4 Data extraction from label references (HO)
Package: hycolor 2011/01/30 v1.7 Color options for hyperref/bookmark (HO)
)
(D:\MikTeX\tex\latex\oberdiek\auxhook.sty
Package: auxhook 2011/03/04 v1.3 Hooks for auxiliary files (HO)
)
(D:\MikTeX\tex\latex\oberdiek\kvoptions.sty
Package: kvoptions 2011/06/30 v3.11 Key value format for package options (HO)
)
\@linkdim=\dimen120
\Hy@linkcounter=\count103
\Hy@pagecounter=\count104

(D:\MikTeX\tex\latex\hyperref\pd1enc.def
File: pd1enc.def 2012/11/06 v6.83m Hyperref: PDFDocEncoding definition (HO)
)
\Hy@SavedSpaceFactor=\count105

(D:\MikTeX\tex\latex\00miktex\hyperref.cfg
File: hyperref.cfg 2002/06/06 v1.2 hyperref configuration of TeXLive
)
Package hyperref Info: Option `plainpages' set `false' on input line 4319.
Package hyperref Info: Option `pdfpagelabels' set `true' on input line 4319.
Package hyperref Info: Option `breaklinks' set `true' on input line 4319.
Package hyperref Info: Hyper figures OFF on input line 4443.
Package hyperref Info: Link nesting OFF on input line 4448.
Package hyperref Info: Hyper index ON on input line 4451.
Package hyperref Info: Plain pages OFF on input line 4458.
Package hyperref Info: Backreferencing ON on input line 4461.
Package hyperref Info: Implicit mode ON; LaTeX internals redefined.
Package hyperref Info: Bookmarks ON on input line 4688.

(D:\MikTeX\tex\latex\hyperref\backref.sty
Package: backref 2012/07/25 v1.38 Bibliographical back referencing

(D:\MikTeX\tex\latex\oberdiek\rerunfilecheck.sty
Package: rerunfilecheck 2011/04/15 v1.7 Rerun checks for auxiliary files (HO)
Package uniquecounter Info: New unique counter `rerunfilecheck' on input line 2
82.
))
\c@Hy@tempcnt=\count106

(D:\MikTeX\tex\latex\ltxmisc\url.sty
\Urlmuskip=\muskip11
Package: url 2006/04/12  ver 3.3  Verb mode for urls, etc.
)
LaTeX Info: Redefining \url on input line 5041.
\XeTeXLinkMargin=\dimen121
\Fld@menulength=\count107
\Field@Width=\dimen122
\Fld@charsize=\dimen123
Package hyperref Info: Hyper figures OFF on input line 6295.
Package hyperref Info: Link nesting OFF on input line 6300.
Package hyperref Info: Hyper index ON on input line 6303.
Package hyperref Info: backreferencing ON on input line 6308.
Package hyperref Info: Link coloring OFF on input line 6315.
Package hyperref Info: Link coloring with OCG OFF on input line 6320.
Package hyperref Info: PDF/A mode OFF on input line 6325.
LaTeX Info: Redefining \ref on input line 6365.
LaTeX Info: Redefining \pageref on input line 6369.
\Hy@abspage=\count108
\c@Item=\count109
\c@Hfootnote=\count110
)

Package hyperref Message: Driver: hpdftex.

(D:\MikTeX\tex\latex\hyperref\hpdftex.def
File: hpdftex.def 2012/11/06 v6.83m Hyperref driver for pdfTeX
\Fld@listcount=\count111
\c@bookmark@seq@number=\count112
\Hy@SectionHShift=\skip49
)
(D:\MikTeX\tex\latex\graphics\color.sty
Package: color 2005/11/14 v1.0j Standard LaTeX Color (DPC)
 (D:\MikTeX\tex\latex\00miktex\color.cfg
File: color.cfg 2007/01/18 v1.5 color configuration of teTeX/TeXLive
)
Package color Info: Driver file: pdftex.def on input line 130.
 (D:\MikTeX\tex\latex\pdftex-def\pdftex.def
File: pdftex.def 2011/05/27 v0.06d Graphics/color for pdfTeX
\Gread@gobject=\count113
))
\c@theorem=\count114
\c@corollary=\count115
\c@lemma=\count116
Package hyperref Info: Option `bookmarksnumbered' set `true' on input line 149.

Package hyperref Info: Option `bookmarksopen' set `false' on input line 149.
Package hyperref Info: Option `pdffitwindow' set `true' on input line 149.
Package hyperref Info: Option `pdfnewwindow' set `true' on input line 149.
Package hyperref Info: Option `colorlinks' set `true' on input line 149.
)
(D:\MikTeX\tex\latex\nomencl\nomencl.sty
Package: nomencl 2005/09/22 v4.2 Nomenclature package (LN)
\nomlabelwidth=\dimen124
\nom@tempdim=\dimen125
\nomitemsep=\skip50
) (D:\MikTeX\tex\latex\float\float.sty
Package: float 2001/11/08 v1.3d Float enhancements (AL)
\c@float@type=\count117
\float@exts=\toks27
\float@box=\box28
\@float@everytoks=\toks28
\@floatcapt=\box29
) (D:\MikTeX\tex\latex\natbib\natbib.sty
Package: natbib 2010/09/13 8.31b (PWD, AO)
\bibhang=\skip51
\bibsep=\skip52
LaTeX Info: Redefining \cite on input line 694.
\c@NAT@ctr=\count118
)
(D:\MikTeX\tex\latex\graphics\graphicx.sty
Package: graphicx 1999/02/16 v1.0f Enhanced LaTeX Graphics (DPC,SPQR)

(D:\MikTeX\tex\latex\graphics\graphics.sty
Package: graphics 2009/02/05 v1.0o Standard LaTeX Graphics (DPC,SPQR)

(D:\MikTeX\tex\latex\graphics\trig.sty
Package: trig 1999/03/16 v1.09 sin cos tan (DPC)
)
(D:\MikTeX\tex\latex\00miktex\graphics.cfg
File: graphics.cfg 2007/01/18 v1.5 graphics configuration of teTeX/TeXLive
)
Package graphics Info: Driver file: pdftex.def on input line 91.
)
\Gin@req@height=\dimen126
\Gin@req@width=\dimen127
)
(D:\MikTeX\tex\latex\fancyhdr\fancyhdr.sty
\fancy@headwidth=\skip53
\f@ncyO@elh=\skip54
\f@ncyO@erh=\skip55
\f@ncyO@olh=\skip56
\f@ncyO@orh=\skip57
\f@ncyO@elf=\skip58
\f@ncyO@erf=\skip59
\f@ncyO@olf=\skip60
\f@ncyO@orf=\skip61
)
(D:\MikTeX\tex\latex\srcltx\srcltx.sty
Package: srcltx 2006/11/12 v1.6 Source specials for inverse search in DVI files

 (D:\MikTeX\tex\latex\base\ifthen.sty
Package: ifthen 2001/05/26 v1.1c Standard LaTeX ifthen package (DPC)
)
\src@lastline=\count119
\src@new@everypar=\toks29
\src@new@output=\toks30
)
(D:\MikTeX\tex\latex\ltxmisc\relsize.sty
Package: relsize 2003/07/04 ver 3.1
)
(D:\MikTeX\tex\latex\booktabs\booktabs.sty
Package: booktabs 2005/04/14 v1.61803 publication quality tables
\heavyrulewidth=\dimen128
\lightrulewidth=\dimen129
\cmidrulewidth=\dimen130
\belowrulesep=\dimen131
\belowbottomsep=\dimen132
\aboverulesep=\dimen133
\abovetopsep=\dimen134
\cmidrulesep=\dimen135
\cmidrulekern=\dimen136
\defaultaddspace=\dimen137
\@cmidla=\count120
\@cmidlb=\count121
\@aboverulesep=\dimen138
\@belowrulesep=\dimen139
\@thisruleclass=\count122
\@lastruleclass=\count123
\@thisrulewidth=\dimen140
)
(D:\MikTeX\tex\latex\caption\caption.sty
Package: caption 2013/05/02 v3.3-89 Customizing captions (AR)

(D:\MikTeX\tex\latex\caption\caption3.sty
Package: caption3 2013/05/02 v1.6-88 caption3 kernel (AR)
Package caption3 Info: TeX engine: e-TeX on input line 57.
\captionmargin=\dimen141
\captionmargin@=\dimen142
\captionwidth=\dimen143
\caption@tempdima=\dimen144
\caption@indent=\dimen145
\caption@parindent=\dimen146
\caption@hangindent=\dimen147
)

Package caption Warning: Configuration file caption.cfg not found on input line
 293.
See the caption package documentation for explanation.

\c@ContinuedFloat=\count124
Package caption Info: float package is loaded.
Package caption Info: hyperref package is loaded.
) (D:\MikTeX\tex\latex\subfig\subfig.sty
Package: subfig 2005/06/28 ver: 1.3 subfig package
\c@KVtest=\count125
\sf@farskip=\skip62
\sf@captopadj=\dimen148
\sf@capskip=\skip63
\sf@nearskip=\skip64


Package subfig Warning: Configuration file subfig.cfg not found on input line 2
97.

\c@subfigure=\count126
\c@subfigure@save=\count127
\c@lofdepth=\count128
\c@subtable=\count129
\c@subtable@save=\count130
\c@lotdepth=\count131
\sf@top=\skip65
\sf@bottom=\skip66
) (D:\MikTeX\tex\latex\jknappen\mathrsfs.sty
Package: mathrsfs 1996/01/01 Math RSFS package v1.0 (jk)
\symrsfs=\mathgroup6
)
("E:\New folder (2)\Google Drive\School\Grad School\Thesis\LyX\ut-thesis-templa
te\my-dissertation.aux"
("E:\New folder (2)\Google Drive\School\Grad School\Thesis\LyX\ut-thesis-templa
te\front-matter/dedication.aux")
("E:\New folder (2)\Google Drive\School\Grad School\Thesis\LyX\ut-thesis-templa
te\front-matter/acknowledgements.aux")
("E:\New folder (2)\Google Drive\School\Grad School\Thesis\LyX\ut-thesis-templa
te\front-matter/quote.aux")
("E:\New folder (2)\Google Drive\School\Grad School\Thesis\LyX\ut-thesis-templa
te\front-matter/abstract.aux")
("E:\New folder (2)\Google Drive\School\Grad School\Thesis\LyX\ut-thesis-templa
te\front-matter/nomenclature.aux")
("E:\New folder (2)\Google Drive\School\Grad School\Thesis\LyX\ut-thesis-templa
te\chapters/chapter-1.aux"

LaTeX Warning: Label `fig:figure-a' multiply defined.


LaTeX Warning: Label `sub@fig:figure-a' multiply defined.


LaTeX Warning: Label `fig:figure-b' multiply defined.


LaTeX Warning: Label `sub@fig:figure-b' multiply defined.


LaTeX Warning: Label `fig:figure-c' multiply defined.


LaTeX Warning: Label `sub@fig:figure-c' multiply defined.


LaTeX Warning: Label `fig:multipart-figure' multiply defined.

)
("E:\New folder (2)\Google Drive\School\Grad School\Thesis\LyX\ut-thesis-templa
te\chapters/chapter-2.aux")
("E:\New folder (2)\Google Drive\School\Grad School\Thesis\LyX\ut-thesis-templa
te\chapters/chapter-3.aux")
("E:\New folder (2)\Google Drive\School\Grad School\Thesis\LyX\ut-thesis-templa
te\chapters/chapter-4.aux")
("E:\New folder (2)\Google Drive\School\Grad School\Thesis\LyX\ut-thesis-templa
te\back-matter/appendix-1.aux"

LaTeX Warning: Label `Site Data' multiply defined.

)
("E:\New folder (2)\Google Drive\School\Grad School\Thesis\LyX\ut-thesis-templa
te\back-matter/vita.aux"))
LaTeX Font Info:    Checking defaults for OML/cmm/m/it on input line 62.
LaTeX Font Info:    ... okay on input line 62.
LaTeX Font Info:    Checking defaults for T1/cmr/m/n on input line 62.
LaTeX Font Info:    ... okay on input line 62.
LaTeX Font Info:    Checking defaults for OT1/cmr/m/n on input line 62.
LaTeX Font Info:    ... okay on input line 62.
LaTeX Font Info:    Checking defaults for OMS/cmsy/m/n on input line 62.
LaTeX Font Info:    ... okay on input line 62.
LaTeX Font Info:    Checking defaults for OMX/cmex/m/n on input line 62.
LaTeX Font Info:    ... okay on input line 62.
LaTeX Font Info:    Checking defaults for U/cmr/m/n on input line 62.
LaTeX Font Info:    ... okay on input line 62.
LaTeX Font Info:    Checking defaults for PD1/pdf/m/n on input line 62.
LaTeX Font Info:    ... okay on input line 62.

*geometry* detected driver: dvips
*geometry* verbose mode - [ preamble ] result:
* driver: dvips
* paper: letterpaper
* layout: <same size as paper>
* layoutoffset:(h,v)=(0.0pt,0.0pt)
* vratio: 1:1
* modes: 
* h-part:(L,W,R)=(108.405pt, 433.62001pt, 72.26999pt)
* v-part:(T,H,B)=(72.26999pt, 623.32875pt, 99.37125pt)
* \paperwidth=614.295pt
* \paperheight=794.96999pt
* \textwidth=433.62001pt
* \textheight=623.32875pt
* \oddsidemargin=36.13501pt
* \evensidemargin=36.13501pt
* \topmargin=-37.0pt
* \headheight=12.0pt
* \headsep=25.0pt
* \topskip=12.0pt
* \footskip=30.0pt
* \marginparwidth=44.0pt
* \marginparsep=10.0pt
* \columnsep=10.0pt
* \skip\footins=10.8pt plus 4.0pt minus 2.0pt
* \hoffset=0.0pt
* \voffset=0.0pt
* \mag=1000
* \@twocolumnfalse
* \@twosidefalse
* \@mparswitchfalse
* \@reversemarginfalse
* (1in=72.27pt=25.4mm, 1cm=28.453pt)

\AtBeginShipoutBox=\box30
Package backref Info: ** backref set up for natbib ** on input line 62.
Package hyperref Info: Link coloring ON on input line 62.
(D:\MikTeX\tex\latex\hyperref\nameref.sty
Package: nameref 2012/10/27 v2.43 Cross-referencing by name of section

(D:\MikTeX\tex\generic\oberdiek\gettitlestring.sty
Package: gettitlestring 2010/12/03 v1.4 Cleanup title references (HO)
)
\c@section@level=\count132
)
LaTeX Info: Redefining \ref on input line 62.
LaTeX Info: Redefining \pageref on input line 62.
LaTeX Info: Redefining \nameref on input line 62.

("E:\New folder (2)\Google Drive\School\Grad School\Thesis\LyX\ut-thesis-templa
te\my-dissertation.out")
("E:\New folder (2)\Google Drive\School\Grad School\Thesis\LyX\ut-thesis-templa
te\my-dissertation.out")
\@outlinefile=\write3
 (D:\MikTeX\tex\context\base\supp-pdf.mkii
[Loading MPS to PDF converter (version 2006.09.02).]
\scratchcounter=\count133
\scratchdimen=\dimen149
\scratchbox=\box31
\nofMPsegments=\count134
\nofMParguments=\count135
\everyMPshowfont=\toks31
\MPscratchCnt=\count136
\MPscratchDim=\dimen150
\MPnumerator=\count137
\makeMPintoPDFobject=\count138
\everyMPtoPDFconversion=\toks32
)
Package caption Info: Begin \AtBeginDocument code.
Package caption Info: subfig package v1.3 is loaded.
Package caption Info: End \AtBeginDocument code.
LaTeX Font Info:    Try loading font information for U+msa on input line 65.
 (D:\MikTeX\tex\latex\amsfonts\umsa.fd
File: umsa.fd 2013/01/14 v3.01 AMS symbols A
)
LaTeX Font Info:    Try loading font information for U+msb on input line 65.
 (D:\MikTeX\tex\latex\amsfonts\umsb.fd
File: umsb.fd 2013/01/14 v3.01 AMS symbols B
)
LaTeX Font Info:    Try loading font information for U+rsfs on input line 65.
(D:\MikTeX\tex\latex\jknappen\ursfs.fd
File: ursfs.fd 1998/03/24 rsfs font definition file (jk)
) [1
Non-PDF special ignored!

{C:/ProgramData/MiKTeX/2.9/pdftex/config/pdftex.map}]
Underfull \hbox (badness 10000) in paragraph at lines 66--66

 []


Underfull \hbox (badness 10000) in paragraph at lines 66--66

 []

[2] [3




]
LaTeX Font Info:    Try loading font information for OMS+cmr on input line 75.
 (D:\MikTeX\tex\latex\base\omscmr.fd
File: omscmr.fd 1999/05/25 v2.5h Standard LaTeX font definitions
)
LaTeX Font Info:    Font shape `OMS/cmr/m/n' in size <12> not available
(Font)              Font shape `OMS/cmsy/m/n' tried instead on input line 75.
 [2


]
:<+ front-matter/dedication.tex

("E:\New folder (2)\Google Drive\School\Grad School\Thesis\LyX\ut-thesis-templa
te\front-matter/dedication.tex") [3





]
:<-
:<+ front-matter/acknowledgements.tex

("E:\New folder (2)\Google Drive\School\Grad School\Thesis\LyX\ut-thesis-templa
te\front-matter/acknowledgements.tex") [4






]
:<-
:<+ front-matter/quote.tex

("E:\New folder (2)\Google Drive\School\Grad School\Thesis\LyX\ut-thesis-templa
te\front-matter/quote.tex") [5






]
:<-
:<+ front-matter/abstract.tex

("E:\New folder (2)\Google Drive\School\Grad School\Thesis\LyX\ut-thesis-templa
te\front-matter/abstract.tex") [6






]
:<-

("E:\New folder (2)\Google Drive\School\Grad School\Thesis\LyX\ut-thesis-templa
te\my-dissertation.toc" [7




])
\tf@toc=\write4
 [8]
("E:\New folder (2)\Google Drive\School\Grad School\Thesis\LyX\ut-thesis-templa
te\my-dissertation.lot")
\tf@lot=\write5
 [9



]
("E:\New folder (2)\Google Drive\School\Grad School\Thesis\LyX\ut-thesis-templa
te\my-dissertation.lof")
\tf@lof=\write6
\@nomenclaturefile=\write7

Writing nomenclature file my-dissertation.nlo
[10



]
No file my-dissertation.nls.
:<+ front-matter/nomenclature.tex

("E:\New folder (2)\Google Drive\School\Grad School\Thesis\LyX\ut-thesis-templa
te\front-matter/nomenclature.tex")
:<-
:<+ chapters/chapter-1.tex

("E:\New folder (2)\Google Drive\School\Grad School\Thesis\LyX\ut-thesis-templa
te\chapters/chapter-1.tex"
Chapter 1.
<figures/pdf/fig01-folder-structure.png, id=235, 563.85657pt x 269.50688pt>
File: figures/pdf/fig01-folder-structure.png Graphic file (type png)

<use figures/pdf/fig01-folder-structure.png>
Package pdftex.def Info: figures/pdf/fig01-folder-structure.png used on input l
ine 12.
(pdftex.def)             Requested size: 469.75499pt x 224.52956pt.

Overfull \hbox (36.13498pt too wide) in paragraph at lines 12--12
 [][] 
 []

[1








] [2 <E:/New folder (2)/Google Drive/School/Grad School/Thesis/LyX/ut-thesis-te
mplate/figures/pdf/fig01-folder-structure.png>]
Overfull \hbox (29.50522pt too wide) in paragraph at lines 35--35
[]\OT1/cmtt/m/n/12 %%%%%%%%%%%%%%%%%%%%%%%%%%%%%%%%%%%%%%%%%%%%%%%%%%%%%%%%%%%%
%%%%%%%%%%%%%%%[] 
 []


Overfull \hbox (29.50522pt too wide) in paragraph at lines 35--35
[]\OT1/cmtt/m/n/12 %%%%%%%%%%%%%%%%%%%%%%%%%%%%%%%%%%%%%%%%%%%%%%%%%%%%%%%%%%%%
%%%%%%%%%%%%%%%[] 
 []

[3]
Overfull \hbox (29.50522pt too wide) in paragraph at lines 61--61
[]\OT1/cmtt/m/n/12 %%%%%%%%%%%%%%%%%%%%%%%%%%%%%%%%%%%%%%%%%%%%%%%%%%%%%%%%%%%%
%%%%%%%%%%%%%%%[] 
 []


Overfull \hbox (29.50522pt too wide) in paragraph at lines 61--61
[]\OT1/cmtt/m/n/12 %%%%%%%%%%%%%%%%%%%%%%%%%%%%%%%%%%%%%%%%%%%%%%%%%%%%%%%%%%%%
%%%%%%%%%%%%%%%[] 
 []


Overfull \hbox (29.50522pt too wide) in paragraph at lines 61--61
[]\OT1/cmtt/m/n/12 %%%%%%%%%%%%%%%%%%%%%%%%%%%%%%%%%%%%%%%%%%%%%%%%%%%%%%%%%%%%
%%%%%%%%%%%%%%%[] 
 []

[4] [5]
Overfull \hbox (61.97736pt too wide) in paragraph at lines 91--92
\OT1/cmr/m/n/12 For more in-for-ma-tion, check: [][]http://en.wikibooks.org/wik
i/LaTeX/Floats,[]Figures[]and[]Captions[][] 
 []


Overfull \hbox (41.85522pt too wide) in paragraph at lines 99--99
[]    \OT1/cmtt/m/n/12 \begin{figure}[t for top, b for bottom, h for here, ! to
 force placement][] 
 []

<figures/pdf/fig02a-circle.pdf, id=272, 80.3pt x 80.3pt>
File: figures/pdf/fig02a-circle.pdf Graphic file (type pdf)

<use figures/pdf/fig02a-circle.pdf>
Package pdftex.def Info: figures/pdf/fig02a-circle.pdf used on input line 103.
(pdftex.def)             Requested size: 216.81pt x 216.81775pt.
 [6 <E:/New folder (2)/Google Drive/School/Grad School/Thesis/LyX/ut-thesis-tem
plate/figures/pdf/fig02a-circle.pdf>]
Overfull \hbox (54.20523pt too wide) in paragraph at lines 117--117
[]    \OT1/cmtt/m/n/12 \subfloat[figure a]{\label{fig:figure-a} \includegraphic
s[width=w]{fig02a}}[] 
 []


Overfull \hbox (54.20523pt too wide) in paragraph at lines 117--117
[]    \OT1/cmtt/m/n/12 \subfloat[figure b]{\label{fig:figure-b} \includegraphic
s[width=w]{fig02b}}[] 
 []


Overfull \hbox (54.20523pt too wide) in paragraph at lines 117--117
[]    \OT1/cmtt/m/n/12 \subfloat[figure c]{\label{fig:figure-c} \includegraphic
s[width=w]{fig02c}}[] 
 []


Overfull \hbox (4.8052pt too wide) in paragraph at lines 117--117
[]    \OT1/cmtt/m/n/12 \caption{Sample of a multipart figure} \label{fig:multip
art-figure}[] 
 []

File: figures/pdf/fig02a-circle.pdf Graphic file (type pdf)
<use figures/pdf/fig02a-circle.pdf>
Package pdftex.def Info: figures/pdf/fig02a-circle.pdf used on input line 120.
(pdftex.def)             Requested size: 79.49744pt x 79.49968pt.

<figures/pdf/fig02b-rectangle.pdf, id=281, 80.3pt x 80.3pt>
File: figures/pdf/fig02b-rectangle.pdf Graphic file (type pdf)

<use figures/pdf/fig02b-rectangle.pdf>
Package pdftex.def Info: figures/pdf/fig02b-rectangle.pdf used on input line 12
1.
(pdftex.def)             Requested size: 79.49744pt x 79.49968pt.

<figures/pdf/fig02c-cube.pdf, id=282, 80.3pt x 80.3pt>
File: figures/pdf/fig02c-cube.pdf Graphic file (type pdf)

<use figures/pdf/fig02c-cube.pdf>
Package pdftex.def Info: figures/pdf/fig02c-cube.pdf used on input line 122.
(pdftex.def)             Requested size: 79.49744pt x 79.49968pt.
File: figures/pdf/fig02a-circle.pdf Graphic file (type pdf)
 <use figures/pdf/fig02a-circle.pdf>
Package pdftex.def Info: figures/pdf/fig02a-circle.pdf used on input line 129.
(pdftex.def)             Requested size: 79.49744pt x 79.49968pt.
File: figures/pdf/fig02b-rectangle.pdf Graphic file (type pdf)

<use figures/pdf/fig02b-rectangle.pdf>
Package pdftex.def Info: figures/pdf/fig02b-rectangle.pdf used on input line 13
0.
(pdftex.def)             Requested size: 79.49744pt x 79.49968pt.
File: figures/pdf/fig02c-cube.pdf Graphic file (type pdf)
 <use figures/pdf/fig02c-cube.pdf>
Package pdftex.def Info: figures/pdf/fig02c-cube.pdf used on input line 131.
(pdftex.def)             Requested size: 79.49744pt x 79.49968pt.
)
[7 <E:/New folder (2)/Google Drive/School/Grad School/Thesis/LyX/ut-thesis-temp
late/figures/pdf/fig02b-rectangle.pdf> <E:/New folder (2)/Google Drive/School/G
rad School/Thesis/LyX/ut-thesis-template/figures/pdf/fig02c-cube.pdf>]
:<-
:<+ chapters/chapter-2.tex

("E:\New folder (2)\Google Drive\School\Grad School\Thesis\LyX\ut-thesis-templa
te\chapters/chapter-2.tex"
Chapter 2.
[8




]
Overfull \hbox (19.68704pt too wide) in paragraph at lines 41--41
[]\OT1/cmr/m/n/12 Elevation
 []


Overfull \hbox (3.43304pt too wide) in paragraph at lines 41--41
\OT1/cmr/m/n/12 Bands| 
 []

) [9] [10]
:<-
:<+ chapters/chapter-3.tex

("E:\New folder (2)\Google Drive\School\Grad School\Thesis\LyX\ut-thesis-templa
te\chapters/chapter-3.tex"
Chapter 3.
[11




]) [12]
:<-
:<+ chapters/chapter-4.tex

("E:\New folder (2)\Google Drive\School\Grad School\Thesis\LyX\ut-thesis-templa
te\chapters/chapter-4.tex"
Chapter 4.
) [13




]
:<-
:<+ my-dissertation.bbl

("E:\New folder (2)\Google Drive\School\Grad School\Thesis\LyX\ut-thesis-templa
te\my-dissertation.bbl"
("E:\New folder (2)\Google Drive\School\Grad School\Thesis\LyX\ut-thesis-templa
te\my-dissertation.brf")
\tf@brf=\write8
 [14



])
:<-
[15

] [16]
:<+ back-matter/appendix-1.tex

("E:\New folder (2)\Google Drive\School\Grad School\Thesis\LyX\ut-thesis-templa
te\back-matter/appendix-1.tex"
Appendix A.

LaTeX Warning: Float too large for page by 68.27052pt on input line 56.


Underfull \hbox (badness 10000) in paragraph at lines 63--63
[]\OT1/cmr/m/n/12 Site
 []


Underfull \hbox (badness 10000) in paragraph at lines 63--63
[]\OT1/cmr/m/n/12 Elevation
 []


Underfull \hbox (badness 10000) in paragraph at lines 63--63
[]\OT1/cmr/m/n/12 Elevation
 []


Underfull \hbox (badness 10000) in paragraph at lines 63--63
[]\OT1/cmr/m/n/12 Historical
 []


Underfull \hbox (badness 10000) in paragraph at lines 63--63
\OT1/cmr/m/n/12 El-e-va-tion
 []


Overfull \hbox (65.08669pt too wide) in paragraph at lines 60--108
[]  
 []


LaTeX Warning: Float too large for page by 98.27052pt on input line 111.

) [17



] [18] [19]
:<-
:<+ back-matter/vita.tex

("E:\New folder (2)\Google Drive\School\Grad School\Thesis\LyX\ut-thesis-templa
te\back-matter/vita.tex") [20






]
:<-
Package atveryend Info: Empty hook `BeforeClearDocument' on input line 130.
Package atveryend Info: Empty hook `AfterLastShipout' on input line 130.

("E:\New folder (2)\Google Drive\School\Grad School\Thesis\LyX\ut-thesis-templa
te\my-dissertation.aux"
("E:\New folder (2)\Google Drive\School\Grad School\Thesis\LyX\ut-thesis-templa
te\front-matter/dedication.aux")
("E:\New folder (2)\Google Drive\School\Grad School\Thesis\LyX\ut-thesis-templa
te\front-matter/acknowledgements.aux")
("E:\New folder (2)\Google Drive\School\Grad School\Thesis\LyX\ut-thesis-templa
te\front-matter/quote.aux")
("E:\New folder (2)\Google Drive\School\Grad School\Thesis\LyX\ut-thesis-templa
te\front-matter/abstract.aux")
("E:\New folder (2)\Google Drive\School\Grad School\Thesis\LyX\ut-thesis-templa
te\front-matter/nomenclature.aux")
("E:\New folder (2)\Google Drive\School\Grad School\Thesis\LyX\ut-thesis-templa
te\chapters/chapter-1.aux")
("E:\New folder (2)\Google Drive\School\Grad School\Thesis\LyX\ut-thesis-templa
te\chapters/chapter-2.aux")
("E:\New folder (2)\Google Drive\School\Grad School\Thesis\LyX\ut-thesis-templa
te\chapters/chapter-3.aux")
("E:\New folder (2)\Google Drive\School\Grad School\Thesis\LyX\ut-thesis-templa
te\chapters/chapter-4.aux")
("E:\New folder (2)\Google Drive\School\Grad School\Thesis\LyX\ut-thesis-templa
te\back-matter/appendix-1.aux")
("E:\New folder (2)\Google Drive\School\Grad School\Thesis\LyX\ut-thesis-templa
te\back-matter/vita.aux"))
Package atveryend Info: Executing hook `AtVeryEndDocument' on input line 130.
Package atveryend Info: Executing hook `AtEndAfterFileList' on input line 130.
Package rerunfilecheck Info: File `my-dissertation.out' has not changed.
(rerunfilecheck)             Checksum: 6EC2722FCA34A8A47A264A2F2CB57D8C;1781.
Package rerunfilecheck Info: File `my-dissertation.brf' has not changed.
(rerunfilecheck)             Checksum: 435A3AC59072636247A1541972C42511;212.


LaTeX Warning: There were multiply-defined labels.

Package atveryend Info: Empty hook `AtVeryVeryEnd' on input line 130.
 ) 
Here is how much of TeX's memory you used:
 8941 strings out of 493921
 136411 string characters out of 3154506
 249123 words of memory out of 3000000
 11910 multiletter control sequences out of 15000+200000
 11727 words of font info for 45 fonts, out of 3000000 for 9000
 841 hyphenation exceptions out of 8191
 39i,11n,51p,1111b,465s stack positions out of 5000i,500n,10000p,200000b,50000s
<D:/MikTeX/fonts/type1/public/amsfonts/cm/cmbx10.pfb><D:/MikTeX/fonts/type1/p
ublic/amsfonts/cm/cmbx12.pfb><D:/MikTeX/fonts/type1/public/amsfonts/cm/cmmi12.p
fb><D:/MikTeX/fonts/type1/public/amsfonts/cm/cmr10.pfb><D:/MikTeX/fonts/type1/p
ublic/amsfonts/cm/cmr12.pfb><D:/MikTeX/fonts/type1/public/amsfonts/cm/cmr17.pfb
><D:/MikTeX/fonts/type1/public/amsfonts/cm/cmr8.pfb><D:/MikTeX/fonts/type1/publ
ic/amsfonts/cm/cmsy10.pfb><D:/MikTeX/fonts/type1/public/amsfonts/cm/cmti12.pfb>
<D:/MikTeX/fonts/type1/public/amsfonts/cm/cmtt12.pfb>
Output written on my-dissertation.pdf (32 pages, 221673 bytes).
PDF statistics:
 432 PDF objects out of 1000 (max. 8388607)
 103 named destinations out of 1000 (max. 500000)
 269 words of extra memory for PDF output out of 10000 (max. 10000000)

