\BOOKMARK [0][-]{rootNode.0}{Front Matter}{}% 1
\BOOKMARK [1][-]{a.1}{Title}{rootNode.0}% 2
\BOOKMARK [1][-]{b.1}{Dedication}{rootNode.0}% 3
\BOOKMARK [1][-]{c.1}{Acknowledgements}{rootNode.0}% 4
\BOOKMARK [1][-]{d.1}{Quote}{rootNode.0}% 5
\BOOKMARK [1][-]{e.1}{Abstract}{rootNode.0}% 6
\BOOKMARK [0][-]{f.0}{Table of Contents}{}% 7
\BOOKMARK [0][-]{section*.13}{List of Tables}{}% 8
\BOOKMARK [0][-]{section*.15}{List of Figures}{}% 9
\BOOKMARK [0][-]{g.0}{Nomenclature}{}% 10
\BOOKMARK [0][-]{chapter.1}{1 Introduction}{}% 11
\BOOKMARK [1][-]{section.1.1}{1.1 Disclaimer}{chapter.1}% 12
\BOOKMARK [1][-]{section.1.2}{1.2 Getting started}{chapter.1}% 13
\BOOKMARK [1][-]{section.1.3}{1.3 References}{chapter.1}% 14
\BOOKMARK [1][-]{section.1.4}{1.4 Theorem environments}{chapter.1}% 15
\BOOKMARK [1][-]{section.1.5}{1.5 Figures}{chapter.1}% 16
\BOOKMARK [2][-]{subsection.1.5.1}{1.5.1 Single figures}{section.1.5}% 17
\BOOKMARK [2][-]{subsection.1.5.2}{1.5.2 Multipart figures}{section.1.5}% 18
\BOOKMARK [0][-]{chapter.2}{2 Trend Analsysis}{}% 19
\BOOKMARK [1][-]{section.2.1}{2.1 Methods}{chapter.2}% 20
\BOOKMARK [2][-]{subsection.2.1.1}{2.1.1 Introduction}{section.2.1}% 21
\BOOKMARK [2][-]{subsection.2.1.2}{2.1.2 Body}{section.2.1}% 22
\BOOKMARK [0][-]{chapter.3}{3 Means Comparison}{}% 23
\BOOKMARK [1][-]{section.3.1}{3.1 Methods}{chapter.3}% 24
\BOOKMARK [2][-]{subsection.3.1.1}{3.1.1 Introduction}{section.3.1}% 25
\BOOKMARK [2][-]{subsection.3.1.2}{3.1.2 Bonferoni Introduction}{section.3.1}% 26
\BOOKMARK [0][-]{chapter.4}{4 Conclusions}{}% 27
\BOOKMARK [0][-]{section*.27}{Bibliography}{}% 28
\BOOKMARK [0][-]{appendix.A}{A Site Data}{}% 29
\BOOKMARK [1][-]{section.A.1}{A.1 }{appendix.A}% 30
\BOOKMARK [0][-]{section*.31}{Vita}{}% 31
