\BOOKMARK [0][-]{rootNode.0}{Front Matter}{}% 1
\BOOKMARK [1][-]{a.1}{Title}{rootNode.0}% 2
\BOOKMARK [1][-]{c.1}{Acknowledgements}{rootNode.0}% 3
\BOOKMARK [1][-]{e.1}{Abstract}{rootNode.0}% 4
\BOOKMARK [0][-]{f.0}{Table of Contents}{}% 5
\BOOKMARK [0][-]{section*.9}{List of Tables}{}% 6
\BOOKMARK [0][-]{section*.11}{List of Figures}{}% 7
\BOOKMARK [0][-]{g.0}{Nomenclature}{}% 8
\BOOKMARK [0][-]{chapter.1}{1 Introduction}{}% 9
\BOOKMARK [1][-]{section.1.1}{1.1 Description of Study Area}{chapter.1}% 10
\BOOKMARK [1][-]{section.1.2}{1.2 Acid Deposition and the GRSM}{chapter.1}% 11
\BOOKMARK [1][-]{section.1.3}{1.3 The Park-Wide Stream Survey}{chapter.1}% 12
\BOOKMARK [2][-]{subsection.1.3.1}{1.3.1 Elevation Bands}{section.1.3}% 13
\BOOKMARK [1][-]{section.1.4}{1.4 Data Analysis Time Periods}{chapter.1}% 14
\BOOKMARK [1][-]{section.1.5}{1.5 Data smoothing}{chapter.1}% 15
\BOOKMARK [1][-]{section.1.6}{1.6 Objectives}{chapter.1}% 16
\BOOKMARK [0][-]{chapter.2}{2 Trend Analysis}{}% 17
\BOOKMARK [1][-]{section.2.1}{2.1 Methods}{chapter.2}% 18
\BOOKMARK [2][-]{subsection.2.1.1}{2.1.1 Introduction}{section.2.1}% 19
\BOOKMARK [2][-]{subsection.2.1.2}{2.1.2 Step-wise regression}{section.2.1}% 20
\BOOKMARK [1][-]{section.2.2}{2.2 Results}{chapter.2}% 21
\BOOKMARK [2][-]{subsection.2.2.1}{2.2.1 Step-wise Julian date coefficients}{section.2.2}% 22
\BOOKMARK [2][-]{subsection.2.2.2}{2.2.2 Julian date coefficients from time variables only}{section.2.2}% 23
\BOOKMARK [2][-]{subsection.2.2.3}{2.2.3 Elevation trends}{section.2.2}% 24
\BOOKMARK [2][-]{subsection.2.2.4}{2.2.4 Results by Comparison}{section.2.2}% 25
\BOOKMARK [1][-]{section.2.3}{2.3 Discussion and Conclusions}{chapter.2}% 26
\BOOKMARK [0][-]{chapter.3}{3 ANOVA Means Comparison}{}% 27
\BOOKMARK [1][-]{section.3.1}{3.1 Methods}{chapter.3}% 28
\BOOKMARK [2][-]{subsection.3.1.1}{3.1.1 Introduction}{section.3.1}% 29
\BOOKMARK [1][-]{section.3.2}{3.2 Results}{chapter.3}% 30
\BOOKMARK [1][-]{section.3.3}{3.3 Discussion and Conclusions}{chapter.3}% 31
\BOOKMARK [0][-]{chapter.4}{4 Power Analysis}{}% 32
\BOOKMARK [1][-]{section.4.1}{4.1 Methods}{chapter.4}% 33
\BOOKMARK [2][-]{subsection.4.1.1}{4.1.1 Introduction}{section.4.1}% 34
\BOOKMARK [2][-]{subsection.4.1.2}{4.1.2 Procedures}{section.4.1}% 35
\BOOKMARK [1][-]{section.4.2}{4.2 Results}{chapter.4}% 36
\BOOKMARK [2][-]{subsection.4.2.1}{4.2.1 Post hoc}{section.4.2}% 37
\BOOKMARK [2][-]{subsection.4.2.2}{4.2.2 A priori}{section.4.2}% 38
\BOOKMARK [1][-]{section.4.3}{4.3 Discussion and Conclusions}{chapter.4}% 39
\BOOKMARK [0][-]{section*.96}{Bibliography}{}% 40
\BOOKMARK [0][-]{appendix.A}{A Site Data}{}% 41
\BOOKMARK [1][-]{section.A.1}{A.1 Site Data}{appendix.A}% 42
\BOOKMARK [0][-]{appendix.B}{B Descriptive Statistics}{}% 43
\BOOKMARK [1][-]{section.B.1}{B.1 pH}{appendix.B}% 44
\BOOKMARK [1][-]{section.B.2}{B.2 ANC}{appendix.B}% 45
\BOOKMARK [1][-]{section.B.3}{B.3 Nitrate}{appendix.B}% 46
\BOOKMARK [1][-]{section.B.4}{B.4 Sulfate}{appendix.B}% 47
\BOOKMARK [0][-]{section*.104}{Vita}{}% 48
