This is pdfTeX, Version 3.1415926-2.4-1.40.13 (MiKTeX 2.9) (preloaded format=pdflatex 2013.11.10)  16 APR 2014 16:34
entering extended mode
**C:/Users/TimZ/Documents/GitHub/GHThesis/LaTexThesis/TimPobst-thesis.tex
(C:/Users/TimZ/Documents/GitHub/GHThesis/LaTexThesis/TimPobst-thesis.tex
LaTeX2e <2011/06/27>
Babel <v3.8m> and hyphenation patterns for english, afrikaans, ancientgreek, ar
abic, armenian, assamese, basque, bengali, bokmal, bulgarian, catalan, coptic, 
croatian, czech, danish, dutch, esperanto, estonian, farsi, finnish, french, ga
lician, german, german-x-2012-05-30, greek, gujarati, hindi, hungarian, iceland
ic, indonesian, interlingua, irish, italian, kannada, kurmanji, latin, latvian,
 lithuanian, malayalam, marathi, mongolian, mongolianlmc, monogreek, ngerman, n
german-x-2012-05-30, nynorsk, oriya, panjabi, pinyin, polish, portuguese, roman
ian, russian, sanskrit, serbian, slovak, slovenian, spanish, swedish, swissgerm
an, tamil, telugu, turkish, turkmen, ukenglish, ukrainian, uppersorbian, usengl
ishmax, welsh, loaded.
(C:\Users\TimZ\Documents\GitHub\GHThesis\LaTexThesis\utthesis.cls
utthesis.cls
ver 1.0.0
Created by Tony Saad
March 30, 2010
Some parts and settings of this class are based on the template provided by Dav
id L. Page.
Document Class: utthesis 
("C:\Program Files (x86)\MiKTeX 2.9\tex\latex\base\report.cls"
Document Class: report 2007/10/19 v1.4h Standard LaTeX document class
("C:\Program Files (x86)\MiKTeX 2.9\tex\latex\base\size12.clo"
File: size12.clo 2007/10/19 v1.4h Standard LaTeX file (size option)
)
\c@part=\count79
\c@chapter=\count80
\c@section=\count81
\c@subsection=\count82
\c@subsubsection=\count83
\c@paragraph=\count84
\c@subparagraph=\count85
\c@figure=\count86
\c@table=\count87
\abovecaptionskip=\skip41
\belowcaptionskip=\skip42
\bibindent=\dimen102
)
("C:\Program Files (x86)\MiKTeX 2.9\tex\latex\amsmath\amsmath.sty"
Package: amsmath 2013/01/14 v2.14 AMS math features
\@mathmargin=\skip43

For additional information on amsmath, use the `?' option.
("C:\Program Files (x86)\MiKTeX 2.9\tex\latex\amsmath\amstext.sty"
Package: amstext 2000/06/29 v2.01

("C:\Program Files (x86)\MiKTeX 2.9\tex\latex\amsmath\amsgen.sty"
File: amsgen.sty 1999/11/30 v2.0
\@emptytoks=\toks14
\ex@=\dimen103
))
("C:\Program Files (x86)\MiKTeX 2.9\tex\latex\amsmath\amsbsy.sty"
Package: amsbsy 1999/11/29 v1.2d
\pmbraise@=\dimen104
)
("C:\Program Files (x86)\MiKTeX 2.9\tex\latex\amsmath\amsopn.sty"
Package: amsopn 1999/12/14 v2.01 operator names
)
\inf@bad=\count88
LaTeX Info: Redefining \frac on input line 210.
\uproot@=\count89
\leftroot@=\count90
LaTeX Info: Redefining \overline on input line 306.
\classnum@=\count91
\DOTSCASE@=\count92
LaTeX Info: Redefining \ldots on input line 378.
LaTeX Info: Redefining \dots on input line 381.
LaTeX Info: Redefining \cdots on input line 466.
\Mathstrutbox@=\box26
\strutbox@=\box27
\big@size=\dimen105
LaTeX Font Info:    Redeclaring font encoding OML on input line 566.
LaTeX Font Info:    Redeclaring font encoding OMS on input line 567.
\macc@depth=\count93
\c@MaxMatrixCols=\count94
\dotsspace@=\muskip10
\c@parentequation=\count95
\dspbrk@lvl=\count96
\tag@help=\toks15
\row@=\count97
\column@=\count98
\maxfields@=\count99
\andhelp@=\toks16
\eqnshift@=\dimen106
\alignsep@=\dimen107
\tagshift@=\dimen108
\tagwidth@=\dimen109
\totwidth@=\dimen110
\lineht@=\dimen111
\@envbody=\toks17
\multlinegap=\skip44
\multlinetaggap=\skip45
\mathdisplay@stack=\toks18
LaTeX Info: Redefining \[ on input line 2665.
LaTeX Info: Redefining \] on input line 2666.
)
("C:\Program Files (x86)\MiKTeX 2.9\tex\latex\amscls\amsthm.sty"
Package: amsthm 2004/08/06 v2.20
\thm@style=\toks19
\thm@bodyfont=\toks20
\thm@headfont=\toks21
\thm@notefont=\toks22
\thm@headpunct=\toks23
\thm@preskip=\skip46
\thm@postskip=\skip47
\thm@headsep=\skip48
\dth@everypar=\toks24
)
("C:\Program Files (x86)\MiKTeX 2.9\tex\latex\amsfonts\amssymb.sty"
Package: amssymb 2013/01/14 v3.01 AMS font symbols

("C:\Program Files (x86)\MiKTeX 2.9\tex\latex\amsfonts\amsfonts.sty"
Package: amsfonts 2013/01/14 v3.01 Basic AMSFonts support
\symAMSa=\mathgroup4
\symAMSb=\mathgroup5
LaTeX Font Info:    Overwriting math alphabet `\mathfrak' in version `bold'
(Font)                  U/euf/m/n --> U/euf/b/n on input line 106.
))
("C:\Program Files (x86)\MiKTeX 2.9\tex\latex\setspace\setspace.sty"
Package: setspace 2011/12/19 v6.7a set line spacing
)
("C:\Program Files (x86)\MiKTeX 2.9\tex\latex\geometry\geometry.sty"
Package: geometry 2010/09/12 v5.6 Page Geometry

("C:\Program Files (x86)\MiKTeX 2.9\tex\latex\graphics\keyval.sty"
Package: keyval 1999/03/16 v1.13 key=value parser (DPC)
\KV@toks@=\toks25
)
("C:\Program Files (x86)\MiKTeX 2.9\tex\generic\oberdiek\ifpdf.sty"
Package: ifpdf 2011/01/30 v2.3 Provides the ifpdf switch (HO)
Package ifpdf Info: pdfTeX in PDF mode is detected.
)
("C:\Program Files (x86)\MiKTeX 2.9\tex\generic\oberdiek\ifvtex.sty"
Package: ifvtex 2010/03/01 v1.5 Detect VTeX and its facilities (HO)
Package ifvtex Info: VTeX not detected.
)
("C:\Program Files (x86)\MiKTeX 2.9\tex\generic\ifxetex\ifxetex.sty"
Package: ifxetex 2010/09/12 v0.6 Provides ifxetex conditional
)
\Gm@cnth=\count100
\Gm@cntv=\count101
\c@Gm@tempcnt=\count102
\Gm@bindingoffset=\dimen112
\Gm@wd@mp=\dimen113
\Gm@odd@mp=\dimen114
\Gm@even@mp=\dimen115
\Gm@layoutwidth=\dimen116
\Gm@layoutheight=\dimen117
\Gm@layouthoffset=\dimen118
\Gm@layoutvoffset=\dimen119
\Gm@dimlist=\toks26

("C:\Program Files (x86)\MiKTeX 2.9\tex\latex\geometry\geometry.cfg"))
("C:\Program Files (x86)\MiKTeX 2.9\tex\latex\hyperref\hyperref.sty"
Package: hyperref 2012/11/06 v6.83m Hypertext links for LaTeX

("C:\Program Files (x86)\MiKTeX 2.9\tex\generic\oberdiek\hobsub-hyperref.sty"
Package: hobsub-hyperref 2012/04/25 v1.12 Bundle oberdiek, subset hyperref (HO)


("C:\Program Files (x86)\MiKTeX 2.9\tex\generic\oberdiek\hobsub-generic.sty"
Package: hobsub-generic 2012/04/25 v1.12 Bundle oberdiek, subset generic (HO)
Package: hobsub 2012/04/25 v1.12 Construct package bundles (HO)
Package: infwarerr 2010/04/08 v1.3 Providing info/warning/error messages (HO)
Package: ltxcmds 2011/11/09 v1.22 LaTeX kernel commands for general use (HO)
Package: ifluatex 2010/03/01 v1.3 Provides the ifluatex switch (HO)
Package ifluatex Info: LuaTeX not detected.
Package hobsub Info: Skipping package `ifvtex' (already loaded).
Package: intcalc 2007/09/27 v1.1 Expandable calculations with integers (HO)
Package hobsub Info: Skipping package `ifpdf' (already loaded).
Package: etexcmds 2011/02/16 v1.5 Avoid name clashes with e-TeX commands (HO)
Package etexcmds Info: Could not find \expanded.
(etexcmds)             That can mean that you are not using pdfTeX 1.50 or
(etexcmds)             that some package has redefined \expanded.
(etexcmds)             In the latter case, load this package earlier.
Package: kvsetkeys 2012/04/25 v1.16 Key value parser (HO)
Package: kvdefinekeys 2011/04/07 v1.3 Define keys (HO)
Package: pdftexcmds 2011/11/29 v0.20 Utility functions of pdfTeX for LuaTeX (HO
)
Package pdftexcmds Info: LuaTeX not detected.
Package pdftexcmds Info: \pdf@primitive is available.
Package pdftexcmds Info: \pdf@ifprimitive is available.
Package pdftexcmds Info: \pdfdraftmode found.
Package: pdfescape 2011/11/25 v1.13 Implements pdfTeX's escape features (HO)
Package: bigintcalc 2012/04/08 v1.3 Expandable calculations on big integers (HO
)
Package: bitset 2011/01/30 v1.1 Handle bit-vector datatype (HO)
Package: uniquecounter 2011/01/30 v1.2 Provide unlimited unique counter (HO)
)
Package hobsub Info: Skipping package `hobsub' (already loaded).
Package: letltxmacro 2010/09/02 v1.4 Let assignment for LaTeX macros (HO)
Package: hopatch 2011/06/24 v1.1 Wrapper for package hooks (HO)
Package: xcolor-patch 2011/01/30 xcolor patch
Package: atveryend 2011/06/30 v1.8 Hooks at the very end of document (HO)
Package atveryend Info: \enddocument detected (standard20110627).
Package: atbegshi 2011/10/05 v1.16 At begin shipout hook (HO)
Package: refcount 2011/10/16 v3.4 Data extraction from label references (HO)
Package: hycolor 2011/01/30 v1.7 Color options for hyperref/bookmark (HO)
)
("C:\Program Files (x86)\MiKTeX 2.9\tex\latex\oberdiek\auxhook.sty"
Package: auxhook 2011/03/04 v1.3 Hooks for auxiliary files (HO)
)
("C:\Program Files (x86)\MiKTeX 2.9\tex\latex\oberdiek\kvoptions.sty"
Package: kvoptions 2011/06/30 v3.11 Key value format for package options (HO)
)
\@linkdim=\dimen120
\Hy@linkcounter=\count103
\Hy@pagecounter=\count104

("C:\Program Files (x86)\MiKTeX 2.9\tex\latex\hyperref\pd1enc.def"
File: pd1enc.def 2012/11/06 v6.83m Hyperref: PDFDocEncoding definition (HO)
)
\Hy@SavedSpaceFactor=\count105

("C:\Program Files (x86)\MiKTeX 2.9\tex\latex\00miktex\hyperref.cfg"
File: hyperref.cfg 2002/06/06 v1.2 hyperref configuration of TeXLive
)
Package hyperref Info: Option `plainpages' set `false' on input line 4319.
Package hyperref Info: Option `pdfpagelabels' set `true' on input line 4319.
Package hyperref Info: Option `breaklinks' set `true' on input line 4319.
Package hyperref Info: Hyper figures OFF on input line 4443.
Package hyperref Info: Link nesting OFF on input line 4448.
Package hyperref Info: Hyper index ON on input line 4451.
Package hyperref Info: Plain pages OFF on input line 4458.
Package hyperref Info: Backreferencing ON on input line 4461.
Package hyperref Info: Implicit mode ON; LaTeX internals redefined.
Package hyperref Info: Bookmarks ON on input line 4688.

("C:\Program Files (x86)\MiKTeX 2.9\tex\latex\hyperref\backref.sty"
Package: backref 2012/07/25 v1.38 Bibliographical back referencing

("C:\Program Files (x86)\MiKTeX 2.9\tex\latex\oberdiek\rerunfilecheck.sty"
Package: rerunfilecheck 2011/04/15 v1.7 Rerun checks for auxiliary files (HO)
Package uniquecounter Info: New unique counter `rerunfilecheck' on input line 2
82.
))
\c@Hy@tempcnt=\count106

("C:\Program Files (x86)\MiKTeX 2.9\tex\latex\ltxmisc\url.sty"
\Urlmuskip=\muskip11
Package: url 2006/04/12  ver 3.3  Verb mode for urls, etc.
)
LaTeX Info: Redefining \url on input line 5041.
\XeTeXLinkMargin=\dimen121
\Fld@menulength=\count107
\Field@Width=\dimen122
\Fld@charsize=\dimen123
Package hyperref Info: Hyper figures OFF on input line 6295.
Package hyperref Info: Link nesting OFF on input line 6300.
Package hyperref Info: Hyper index ON on input line 6303.
Package hyperref Info: backreferencing ON on input line 6308.
Package hyperref Info: Link coloring OFF on input line 6315.
Package hyperref Info: Link coloring with OCG OFF on input line 6320.
Package hyperref Info: PDF/A mode OFF on input line 6325.
LaTeX Info: Redefining \ref on input line 6365.
LaTeX Info: Redefining \pageref on input line 6369.
\Hy@abspage=\count108
\c@Item=\count109
\c@Hfootnote=\count110
)

Package hyperref Message: Driver: hpdftex.

("C:\Program Files (x86)\MiKTeX 2.9\tex\latex\hyperref\hpdftex.def"
File: hpdftex.def 2012/11/06 v6.83m Hyperref driver for pdfTeX
\Fld@listcount=\count111
\c@bookmark@seq@number=\count112
\Hy@SectionHShift=\skip49
)
("C:\Program Files (x86)\MiKTeX 2.9\tex\latex\graphics\color.sty"
Package: color 2005/11/14 v1.0j Standard LaTeX Color (DPC)

("C:\Program Files (x86)\MiKTeX 2.9\tex\latex\00miktex\color.cfg"
File: color.cfg 2007/01/18 v1.5 color configuration of teTeX/TeXLive
)
Package color Info: Driver file: pdftex.def on input line 130.

("C:\Program Files (x86)\MiKTeX 2.9\tex\latex\pdftex-def\pdftex.def"
File: pdftex.def 2011/05/27 v0.06d Graphics/color for pdfTeX
\Gread@gobject=\count113
))
\c@theorem=\count114
\c@corollary=\count115
\c@lemma=\count116
Package hyperref Info: Option `bookmarksnumbered' set `true' on input line 149.

Package hyperref Info: Option `bookmarksopen' set `false' on input line 149.
Package hyperref Info: Option `pdffitwindow' set `true' on input line 149.
Package hyperref Info: Option `pdfnewwindow' set `true' on input line 149.
Package hyperref Info: Option `colorlinks' set `true' on input line 149.
)
("C:\Program Files (x86)\MiKTeX 2.9\tex\latex\nomencl\nomencl.sty"
Package: nomencl 2005/09/22 v4.2 Nomenclature package (LN)
\nomlabelwidth=\dimen124
\nom@tempdim=\dimen125
\nomitemsep=\skip50
)
("C:\Program Files (x86)\MiKTeX 2.9\tex\latex\float\float.sty"
Package: float 2001/11/08 v1.3d Float enhancements (AL)
\c@float@type=\count117
\float@exts=\toks27
\float@box=\box28
\@float@everytoks=\toks28
\@floatcapt=\box29
)
("C:\Program Files (x86)\MiKTeX 2.9\tex\latex\natbib\natbib.sty"
Package: natbib 2010/09/13 8.31b (PWD, AO)
\bibhang=\skip51
\bibsep=\skip52
LaTeX Info: Redefining \cite on input line 694.
\c@NAT@ctr=\count118
)
("C:\Program Files (x86)\MiKTeX 2.9\tex\latex\graphics\graphicx.sty"
Package: graphicx 1999/02/16 v1.0f Enhanced LaTeX Graphics (DPC,SPQR)

("C:\Program Files (x86)\MiKTeX 2.9\tex\latex\graphics\graphics.sty"
Package: graphics 2009/02/05 v1.0o Standard LaTeX Graphics (DPC,SPQR)

("C:\Program Files (x86)\MiKTeX 2.9\tex\latex\graphics\trig.sty"
Package: trig 1999/03/16 v1.09 sin cos tan (DPC)
)
("C:\Program Files (x86)\MiKTeX 2.9\tex\latex\00miktex\graphics.cfg"
File: graphics.cfg 2007/01/18 v1.5 graphics configuration of teTeX/TeXLive
)
Package graphics Info: Driver file: pdftex.def on input line 91.
)
\Gin@req@height=\dimen126
\Gin@req@width=\dimen127
)
("C:\Program Files (x86)\MiKTeX 2.9\tex\latex\fancyhdr\fancyhdr.sty"
\fancy@headwidth=\skip53
\f@ncyO@elh=\skip54
\f@ncyO@erh=\skip55
\f@ncyO@olh=\skip56
\f@ncyO@orh=\skip57
\f@ncyO@elf=\skip58
\f@ncyO@erf=\skip59
\f@ncyO@olf=\skip60
\f@ncyO@orf=\skip61
)
("C:\Program Files (x86)\MiKTeX 2.9\tex\latex\srcltx\srcltx.sty"
Package: srcltx 2006/11/12 v1.6 Source specials for inverse search in DVI files


("C:\Program Files (x86)\MiKTeX 2.9\tex\latex\base\ifthen.sty"
Package: ifthen 2001/05/26 v1.1c Standard LaTeX ifthen package (DPC)
)
\src@lastline=\count119
\src@new@everypar=\toks29
\src@new@output=\toks30
)
("C:\Program Files (x86)\MiKTeX 2.9\tex\latex\ltxmisc\relsize.sty"
Package: relsize 2003/07/04 ver 3.1
)
("C:\Program Files (x86)\MiKTeX 2.9\tex\latex\booktabs\booktabs.sty"
Package: booktabs 2005/04/14 v1.61803 publication quality tables
\heavyrulewidth=\dimen128
\lightrulewidth=\dimen129
\cmidrulewidth=\dimen130
\belowrulesep=\dimen131
\belowbottomsep=\dimen132
\aboverulesep=\dimen133
\abovetopsep=\dimen134
\cmidrulesep=\dimen135
\cmidrulekern=\dimen136
\defaultaddspace=\dimen137
\@cmidla=\count120
\@cmidlb=\count121
\@aboverulesep=\dimen138
\@belowrulesep=\dimen139
\@thisruleclass=\count122
\@lastruleclass=\count123
\@thisrulewidth=\dimen140
)
("C:\Program Files (x86)\MiKTeX 2.9\tex\latex\caption\caption.sty"
Package: caption 2013/05/02 v3.3-89 Customizing captions (AR)

("C:\Program Files (x86)\MiKTeX 2.9\tex\latex\caption\caption3.sty"
Package: caption3 2013/05/02 v1.6-88 caption3 kernel (AR)
Package caption3 Info: TeX engine: e-TeX on input line 57.
\captionmargin=\dimen141
\captionmargin@=\dimen142
\captionwidth=\dimen143
\caption@tempdima=\dimen144
\caption@indent=\dimen145
\caption@parindent=\dimen146
\caption@hangindent=\dimen147
)

Package caption Warning: Configuration file caption.cfg not found on input line
 293.
See the caption package documentation for explanation.

\c@ContinuedFloat=\count124
Package caption Info: float package is loaded.
Package caption Info: hyperref package is loaded.
) ("C:\Program Files (x86)\MiKTeX 2.9\tex\latex\subfig\subfig.sty"
Package: subfig 2005/06/28 ver: 1.3 subfig package
\c@KVtest=\count125
\sf@farskip=\skip62
\sf@captopadj=\dimen148
\sf@capskip=\skip63
\sf@nearskip=\skip64


Package subfig Warning: Configuration file subfig.cfg not found on input line 2
97.

\c@subfigure=\count126
\c@subfigure@save=\count127
\c@lofdepth=\count128
\c@subtable=\count129
\c@subtable@save=\count130
\c@lotdepth=\count131
\sf@top=\skip65
\sf@bottom=\skip66
) ("C:\Program Files (x86)\MiKTeX 2.9\tex\latex\jknappen\mathrsfs.sty"
Package: mathrsfs 1996/01/01 Math RSFS package v1.0 (jk)
\symrsfs=\mathgroup6
)
("C:\Program Files (x86)\MiKTeX 2.9\tex\latex\rotfloat\rotfloat.sty"
Package: rotfloat 2004/01/04 v1.2 Combining float+rotating package (AS)

("C:\Program Files (x86)\MiKTeX 2.9\tex\latex\rotating\rotating.sty"
Package: rotating 2009/03/28 v2.16a rotated objects in LaTeX
\c@r@tfl@t=\count132
\rotFPtop=\skip67
\rotFPbot=\skip68
\rot@float@box=\box30
\rot@mess@toks=\toks31
)
Package rotfloat Info: float package v1.3 detected on input line 74.
)
("C:\Program Files (x86)\MiKTeX 2.9\tex\latex\pgfplots\pgfplots.sty"
("C:\Program Files (x86)\MiKTeX 2.9\tex\generic\pgfplots\pgfplots.revision.tex"
)
Package: pgfplots 2013/10/03 v1.9 Data Visualization (1.9)
 ("C:\Program Files (x86)\MiKTeX 2.9\tex\latex\pgf\frontendlayer\tikz.sty"
("C:\Program Files (x86)\MiKTeX 2.9\tex\latex\pgf\basiclayer\pgf.sty"
("C:\Program Files (x86)\MiKTeX 2.9\tex\latex\pgf\utilities\pgfrcs.sty"
("C:\Program Files (x86)\MiKTeX 2.9\tex\generic\pgf\utilities\pgfutil-common.te
x"
\pgfutil@everybye=\toks32
)
("C:\Program Files (x86)\MiKTeX 2.9\tex\generic\pgf\utilities\pgfutil-latex.def
"
\pgfutil@abb=\box31
 ("C:\Program Files (x86)\MiKTeX 2.9\tex\latex\ms\everyshi.sty"
Package: everyshi 2001/05/15 v3.00 EveryShipout Package (MS)
))
Package srcltx Info: Expanded filename `pgfrcs.code.tex' to `pgfrcs.code.tex' o
n input line 13.

:<+ pgfrcs.code.tex
("C:\Program Files (x86)\MiKTeX 2.9\tex\generic\pgf\utilities\pgfrcs.code.tex"
Package: pgfrcs 2010/10/25 v2.10 (rcs-revision 1.24)
)
:<-
)
Package: pgf 2008/01/15 v2.10 (rcs-revision 1.12)
 ("C:\Program Files (x86)\MiKTeX 2.9\tex\latex\pgf\basiclayer\pgfcore.sty"
("C:\Program Files (x86)\MiKTeX 2.9\tex\latex\pgf\systemlayer\pgfsys.sty"
Package srcltx Info: Expanded filename `pgfsys.code.tex' to `pgfsys.code.tex' o
n input line 12.

:<+ pgfsys.code.tex
("C:\Program Files (x86)\MiKTeX 2.9\tex\generic\pgf\systemlayer\pgfsys.code.tex
"
Package: pgfsys 2010/06/30 v2.10 (rcs-revision 1.37)
 ("C:\Program Files (x86)\MiKTeX 2.9\tex\generic\pgf\utilities\pgfkeys.code.tex
"
\pgfkeys@pathtoks=\toks33
\pgfkeys@temptoks=\toks34

("C:\Program Files (x86)\MiKTeX 2.9\tex\generic\pgf\utilities\pgfkeysfiltered.c
ode.tex"
\pgfkeys@tmptoks=\toks35
))
\pgf@x=\dimen149
\pgf@y=\dimen150
\pgf@xa=\dimen151
\pgf@ya=\dimen152
\pgf@xb=\dimen153
\pgf@yb=\dimen154
\pgf@xc=\dimen155
\pgf@yc=\dimen156
\w@pgf@writea=\write3
\r@pgf@reada=\read1
\c@pgf@counta=\count133
\c@pgf@countb=\count134
\c@pgf@countc=\count135
\c@pgf@countd=\count136

("C:\Program Files (x86)\MiKTeX 2.9\tex\generic\pgf\systemlayer\pgf.cfg"
File: pgf.cfg 2008/05/14  (rcs-revision 1.7)
)
Package pgfsys Info: Driver file for pgf: pgfsys-pdftex.def on input line 900.

("C:\Program Files (x86)\MiKTeX 2.9\tex\generic\pgf\systemlayer\pgfsys-pdftex.d
ef"
File: pgfsys-pdftex.def 2009/05/22  (rcs-revision 1.26)

("C:\Program Files (x86)\MiKTeX 2.9\tex\generic\pgf\systemlayer\pgfsys-common-p
df.def"
File: pgfsys-common-pdf.def 2008/05/19  (rcs-revision 1.10)
)))
:<-
Package srcltx Info: Expanded filename `pgfsyssoftpath.code.tex' to `pgfsyssoft
path.code.tex' on input line 13.
:<+ pgfsyssoftpath.code.tex

("C:\Program Files (x86)\MiKTeX 2.9\tex\generic\pgf\systemlayer\pgfsyssoftpath.
code.tex"
File: pgfsyssoftpath.code.tex 2008/07/18  (rcs-revision 1.7)
\pgfsyssoftpath@smallbuffer@items=\count137
\pgfsyssoftpath@bigbuffer@items=\count138
)
:<-
Package srcltx Info: Expanded filename `pgfsysprotocol.code.tex' to `pgfsysprot
ocol.code.tex' on input line 14.
:<+ pgfsysprotocol.code.tex

("C:\Program Files (x86)\MiKTeX 2.9\tex\generic\pgf\systemlayer\pgfsysprotocol.
code.tex"
File: pgfsysprotocol.code.tex 2006/10/16  (rcs-revision 1.4)
)
:<-
) ("C:\Program Files (x86)\MiKTeX 2.9\tex\latex\xcolor\xcolor.sty"
Package: xcolor 2007/01/21 v2.11 LaTeX color extensions (UK)

("C:\Program Files (x86)\MiKTeX 2.9\tex\latex\00miktex\color.cfg"
File: color.cfg 2007/01/18 v1.5 color configuration of teTeX/TeXLive
)
Package xcolor Info: Driver file: pdftex.def on input line 225.
LaTeX Info: Redefining \color on input line 702.
Package xcolor Info: Model `cmy' substituted by `cmy0' on input line 1337.
Package xcolor Info: Model `hsb' substituted by `rgb' on input line 1341.
Package xcolor Info: Model `RGB' extended on input line 1353.
Package xcolor Info: Model `HTML' substituted by `rgb' on input line 1355.
Package xcolor Info: Model `Hsb' substituted by `hsb' on input line 1356.
Package xcolor Info: Model `tHsb' substituted by `hsb' on input line 1357.
Package xcolor Info: Model `HSB' substituted by `hsb' on input line 1358.
Package xcolor Info: Model `Gray' substituted by `gray' on input line 1359.
Package xcolor Info: Model `wave' substituted by `hsb' on input line 1360.
)
Package srcltx Info: Expanded filename `pgfcore.code.tex' to `pgfcore.code.tex'
 on input line 17.

:<+ pgfcore.code.tex
("C:\Program Files (x86)\MiKTeX 2.9\tex\generic\pgf\basiclayer\pgfcore.code.tex
"
Package: pgfcore 2010/04/11 v2.10 (rcs-revision 1.7)
 ("C:\Program Files (x86)\MiKTeX 2.9\tex\generic\pgf\math\pgfmath.code.tex"
("C:\Program Files (x86)\MiKTeX 2.9\tex\generic\pgf\math\pgfmathcalc.code.tex"
("C:\Program Files (x86)\MiKTeX 2.9\tex\generic\pgf\math\pgfmathutil.code.tex")
("C:\Program Files (x86)\MiKTeX 2.9\tex\generic\pgf\math\pgfmathparser.code.tex
"
\pgfmath@dimen=\dimen157
\pgfmath@count=\count139
\pgfmath@box=\box32
\pgfmath@toks=\toks36
\pgfmath@stack@operand=\toks37
\pgfmath@stack@operation=\toks38
)
("C:\Program Files (x86)\MiKTeX 2.9\tex\generic\pgf\math\pgfmathfunctions.code.
tex"
("C:\Program Files (x86)\MiKTeX 2.9\tex\generic\pgf\math\pgfmathfunctions.basic
.code.tex")
("C:\Program Files (x86)\MiKTeX 2.9\tex\generic\pgf\math\pgfmathfunctions.trigo
nometric.code.tex")
("C:\Program Files (x86)\MiKTeX 2.9\tex\generic\pgf\math\pgfmathfunctions.rando
m.code.tex")
("C:\Program Files (x86)\MiKTeX 2.9\tex\generic\pgf\math\pgfmathfunctions.compa
rison.code.tex")
("C:\Program Files (x86)\MiKTeX 2.9\tex\generic\pgf\math\pgfmathfunctions.base.
code.tex")
("C:\Program Files (x86)\MiKTeX 2.9\tex\generic\pgf\math\pgfmathfunctions.round
.code.tex")
("C:\Program Files (x86)\MiKTeX 2.9\tex\generic\pgf\math\pgfmathfunctions.misc.
code.tex")))
("C:\Program Files (x86)\MiKTeX 2.9\tex\generic\pgf\math\pgfmathfloat.code.tex"
\c@pgfmathroundto@lastzeros=\count140
))
("C:\Program Files (x86)\MiKTeX 2.9\tex\generic\pgf\basiclayer\pgfcorepoints.co
de.tex"
File: pgfcorepoints.code.tex 2010/04/09  (rcs-revision 1.20)
\pgf@picminx=\dimen158
\pgf@picmaxx=\dimen159
\pgf@picminy=\dimen160
\pgf@picmaxy=\dimen161
\pgf@pathminx=\dimen162
\pgf@pathmaxx=\dimen163
\pgf@pathminy=\dimen164
\pgf@pathmaxy=\dimen165
\pgf@xx=\dimen166
\pgf@xy=\dimen167
\pgf@yx=\dimen168
\pgf@yy=\dimen169
\pgf@zx=\dimen170
\pgf@zy=\dimen171
)
("C:\Program Files (x86)\MiKTeX 2.9\tex\generic\pgf\basiclayer\pgfcorepathconst
ruct.code.tex"
File: pgfcorepathconstruct.code.tex 2010/08/03  (rcs-revision 1.24)
\pgf@path@lastx=\dimen172
\pgf@path@lasty=\dimen173
)
("C:\Program Files (x86)\MiKTeX 2.9\tex\generic\pgf\basiclayer\pgfcorepathusage
.code.tex"
File: pgfcorepathusage.code.tex 2008/04/22  (rcs-revision 1.12)
\pgf@shorten@end@additional=\dimen174
\pgf@shorten@start@additional=\dimen175
)
("C:\Program Files (x86)\MiKTeX 2.9\tex\generic\pgf\basiclayer\pgfcorescopes.co
de.tex"
File: pgfcorescopes.code.tex 2010/09/08  (rcs-revision 1.34)
\pgfpic=\box33
\pgf@hbox=\box34
\pgf@layerbox@main=\box35
\pgf@picture@serial@count=\count141
)
("C:\Program Files (x86)\MiKTeX 2.9\tex\generic\pgf\basiclayer\pgfcoregraphicst
ate.code.tex"
File: pgfcoregraphicstate.code.tex 2008/04/22  (rcs-revision 1.9)
\pgflinewidth=\dimen176
)
("C:\Program Files (x86)\MiKTeX 2.9\tex\generic\pgf\basiclayer\pgfcoretransform
ations.code.tex"
File: pgfcoretransformations.code.tex 2009/06/10  (rcs-revision 1.11)
\pgf@pt@x=\dimen177
\pgf@pt@y=\dimen178
\pgf@pt@temp=\dimen179
)
("C:\Program Files (x86)\MiKTeX 2.9\tex\generic\pgf\basiclayer\pgfcorequick.cod
e.tex"
File: pgfcorequick.code.tex 2008/10/09  (rcs-revision 1.3)
)
("C:\Program Files (x86)\MiKTeX 2.9\tex\generic\pgf\basiclayer\pgfcoreobjects.c
ode.tex"
File: pgfcoreobjects.code.tex 2006/10/11  (rcs-revision 1.2)
)
("C:\Program Files (x86)\MiKTeX 2.9\tex\generic\pgf\basiclayer\pgfcorepathproce
ssing.code.tex"
File: pgfcorepathprocessing.code.tex 2008/10/09  (rcs-revision 1.8)
)
("C:\Program Files (x86)\MiKTeX 2.9\tex\generic\pgf\basiclayer\pgfcorearrows.co
de.tex"
File: pgfcorearrows.code.tex 2008/04/23  (rcs-revision 1.11)
)
("C:\Program Files (x86)\MiKTeX 2.9\tex\generic\pgf\basiclayer\pgfcoreshade.cod
e.tex"
File: pgfcoreshade.code.tex 2008/11/23  (rcs-revision 1.13)
\pgf@max=\dimen180
\pgf@sys@shading@range@num=\count142
)
("C:\Program Files (x86)\MiKTeX 2.9\tex\generic\pgf\basiclayer\pgfcoreimage.cod
e.tex"
File: pgfcoreimage.code.tex 2010/03/25  (rcs-revision 1.16)

("C:\Program Files (x86)\MiKTeX 2.9\tex\generic\pgf\basiclayer\pgfcoreexternal.
code.tex"
File: pgfcoreexternal.code.tex 2010/09/01  (rcs-revision 1.17)
\pgfexternal@startupbox=\box36
))
("C:\Program Files (x86)\MiKTeX 2.9\tex\generic\pgf\basiclayer\pgfcorelayers.co
de.tex"
File: pgfcorelayers.code.tex 2010/08/27  (rcs-revision 1.2)
)
("C:\Program Files (x86)\MiKTeX 2.9\tex\generic\pgf\basiclayer\pgfcoretranspare
ncy.code.tex"
File: pgfcoretransparency.code.tex 2008/01/17  (rcs-revision 1.2)
)
("C:\Program Files (x86)\MiKTeX 2.9\tex\generic\pgf\basiclayer\pgfcorepatterns.
code.tex"
File: pgfcorepatterns.code.tex 2009/07/02  (rcs-revision 1.3)
))
:<-
)
("C:\Program Files (x86)\MiKTeX 2.9\tex\generic\pgf\modules\pgfmoduleshapes.cod
e.tex"
File: pgfmoduleshapes.code.tex 2010/09/09  (rcs-revision 1.13)
\pgfnodeparttextbox=\box37
)
("C:\Program Files (x86)\MiKTeX 2.9\tex\generic\pgf\modules\pgfmoduleplot.code.
tex"
File: pgfmoduleplot.code.tex 2010/10/22  (rcs-revision 1.8)
)
("C:\Program Files (x86)\MiKTeX 2.9\tex\latex\pgf\compatibility\pgfcomp-version
-0-65.sty"
Package: pgfcomp-version-0-65 2007/07/03 v2.10 (rcs-revision 1.7)
\pgf@nodesepstart=\dimen181
\pgf@nodesepend=\dimen182
)
("C:\Program Files (x86)\MiKTeX 2.9\tex\latex\pgf\compatibility\pgfcomp-version
-1-18.sty"
Package: pgfcomp-version-1-18 2007/07/23 v2.10 (rcs-revision 1.1)
))
("C:\Program Files (x86)\MiKTeX 2.9\tex\latex\pgf\utilities\pgffor.sty"
("C:\Program Files (x86)\MiKTeX 2.9\tex\latex\pgf\utilities\pgfkeys.sty"
Package srcltx Info: Expanded filename `pgfkeys.code.tex' to `pgfkeys.code.tex'
 on input line 10.

:<+ pgfkeys.code.tex
("C:\Program Files (x86)\MiKTeX 2.9\tex\generic\pgf\utilities\pgfkeys.code.tex"
)
:<-
)
Package srcltx Info: Expanded filename `pgffor.code.tex' to `pgffor.code.tex' o
n input line 13.

:<+ pgffor.code.tex
("C:\Program Files (x86)\MiKTeX 2.9\tex\generic\pgf\utilities\pgffor.code.tex"
Package: pgffor 2010/03/23 v2.10 (rcs-revision 1.18)
\pgffor@iter=\dimen183
\pgffor@skip=\dimen184
\pgffor@stack=\toks39
\pgffor@toks=\toks40
)
:<-
)
Package srcltx Info: Expanded filename `tikz.code.tex' to `tikz.code.tex' on in
put line 13.

:<+ tikz.code.tex

("C:\Program Files (x86)\MiKTeX 2.9\tex\generic\pgf\frontendlayer\tikz\tikz.cod
e.tex"
Package: tikz 2010/10/13 v2.10 (rcs-revision 1.76)

("C:\Program Files (x86)\MiKTeX 2.9\tex\generic\pgf\libraries\pgflibraryplothan
dlers.code.tex"
File: pgflibraryplothandlers.code.tex 2010/05/31 v2.10 (rcs-revision 1.15)
\pgf@plot@mark@count=\count143
\pgfplotmarksize=\dimen185
)
\tikz@lastx=\dimen186
\tikz@lasty=\dimen187
\tikz@lastxsaved=\dimen188
\tikz@lastysaved=\dimen189
\tikzleveldistance=\dimen190
\tikzsiblingdistance=\dimen191
\tikz@figbox=\box38
\tikz@tempbox=\box39
\tikztreelevel=\count144
\tikznumberofchildren=\count145
\tikznumberofcurrentchild=\count146
\tikz@fig@count=\count147

("C:\Program Files (x86)\MiKTeX 2.9\tex\generic\pgf\modules\pgfmodulematrix.cod
e.tex"
File: pgfmodulematrix.code.tex 2010/08/24  (rcs-revision 1.4)
\pgfmatrixcurrentrow=\count148
\pgfmatrixcurrentcolumn=\count149
\pgf@matrix@numberofcolumns=\count150
)
\tikz@expandcount=\count151

("C:\Program Files (x86)\MiKTeX 2.9\tex\generic\pgf\frontendlayer\tikz\librarie
s\tikzlibrarytopaths.code.tex"
File: tikzlibrarytopaths.code.tex 2008/06/17 v2.10 (rcs-revision 1.2)
))
:<-
) ("C:\Program Files (x86)\MiKTeX 2.9\tex\generic\pgfplots\pgfplots.code.tex"
("C:\Program Files (x86)\MiKTeX 2.9\tex\generic\pgfplots\pgfplotscore.code.tex"
\t@pgfplots@toka=\toks41
\t@pgfplots@tokb=\toks42
\t@pgfplots@tokc=\toks43
\pgfplots@tmpa=\dimen192
\c@pgfplots@coordindex=\count152
\c@pgfplots@scanlineindex=\count153

("C:\Program Files (x86)\MiKTeX 2.9\tex\generic\pgfplots\sys\pgfplotssysgeneric
.code.tex"))
("C:\Program Files (x86)\MiKTeX 2.9\tex\generic\pgfplots\libs\pgfplotslibrary.c
ode.tex")
("C:\Program Files (x86)\MiKTeX 2.9\tex\generic\pgfplots\oldpgfcompatib\pgfplot
soldpgfsupp_loader.code.tex"
Package pgfplots: loading complementary code for your PGF version...

("C:\Program Files (x86)\MiKTeX 2.9\tex\generic\pgfplots\oldpgfcompatib\pgfplot
soldpgfsupp_misc.code.tex")
("C:\Program Files (x86)\MiKTeX 2.9\tex\generic\pgfplots\oldpgfcompatib\pgfplot
soldpgfsupp_pgfkeys.code.tex"
\pgfkeys@pathtoks=\toks44
\pgfkeys@temptoks=\toks45

("C:\Program Files (x86)\MiKTeX 2.9\tex\generic\pgfplots\oldpgfcompatib\pgfplot
soldpgfsupp_pgfkeysfiltered.code.tex"
\pgfkeys@tmptoks=\toks46
))
("C:\Program Files (x86)\MiKTeX 2.9\tex\generic\pgfplots\oldpgfcompatib\pgfplot
soldpgfsupp_pgfmathfloat.code.tex"
\c@pgfmathroundto@lastzeros=\count154
)
("C:\Program Files (x86)\MiKTeX 2.9\tex\generic\pgfplots\oldpgfcompatib\pgfplot
soldpgfsupp_pgflibraryplothandlers.code.tex"
File: pgflibraryplothandlers.code.tex 2012/09/11 v2.10 (rcs-revision 1.17)
\pgf@plot@mark@count=\count155
\pgfplotmarksize=\dimen193
)
("C:\Program Files (x86)\MiKTeX 2.9\tex\generic\pgfplots\oldpgfcompatib\pgfplot
soldpgfsupp_pgflibraryfpu.code.tex")
("C:\Program Files (x86)\MiKTeX 2.9\tex\generic\pgfplots\oldpgfcompatib\pgfplot
soldpgfsupp_pgfcorescopes.code.tex"
File: pgfcorescopes.code.tex 2012/11/30  (rcs-revision 1.38)
\pgfpic=\box40
\pgf@hbox=\box41
\pgf@layerbox@main=\box42
\pgf@picture@serial@count=\count156
)
("C:\Program Files (x86)\MiKTeX 2.9\tex\generic\pgfplots\oldpgfcompatib\pgfplot
soldpgfsupp_pgfcorelayers.code.tex"
File: pgfcorelayers.code.tex 2012/11/07  (rcs-revision 1.5)
))
("C:\Program Files (x86)\MiKTeX 2.9\tex\generic\pgfplots\util\pgfplotsutil.code
.tex"
("C:\Program Files (x86)\MiKTeX 2.9\tex\generic\pgfplots\liststructure\pgfplots
liststructure.code.tex")
("C:\Program Files (x86)\MiKTeX 2.9\tex\generic\pgfplots\liststructure\pgfplots
liststructureext.code.tex")
("C:\Program Files (x86)\MiKTeX 2.9\tex\generic\pgfplots\liststructure\pgfplots
array.code.tex"
\c@pgfplotsarray@tmp=\count157
)
("C:\Program Files (x86)\MiKTeX 2.9\tex\generic\pgfplots\liststructure\pgfplots
matrix.code.tex")
("C:\Program Files (x86)\MiKTeX 2.9\tex\generic\pgfplots\numtable\pgfplotstable
shared.code.tex"
\c@pgfplotstable@counta=\count158
\t@pgfplotstable@a=\toks47
)
("C:\Program Files (x86)\MiKTeX 2.9\tex\generic\pgfplots\liststructure\pgfplots
deque.code.tex")
("C:\Program Files (x86)\MiKTeX 2.9\tex\generic\pgfplots\util\pgfplotsbinary.co
de.tex"
("C:\Program Files (x86)\MiKTeX 2.9\tex\generic\pgfplots\util\pgfplotsbinary.da
ta.code.tex"))
("C:\Program Files (x86)\MiKTeX 2.9\tex\generic\pgfplots\util\pgfplotsutil.verb
.code.tex")
("C:\Program Files (x86)\MiKTeX 2.9\tex\generic\pgfplots\libs\pgflibrarypgfplot
s.surfshading.code.tex"
\c@pgfplotslibrarysurf@no=\count159

("C:\Program Files (x86)\MiKTeX 2.9\tex\generic\pgfplots\sys\pgflibrarypgfplots
.surfshading.pgfsys-pdftex.def")))
("C:\Program Files (x86)\MiKTeX 2.9\tex\generic\pgfplots\util\pgfplotscolormap.
code.tex"
("C:\Program Files (x86)\MiKTeX 2.9\tex\generic\pgfplots\util\pgfplotscolor.cod
e.tex"))
("C:\Program Files (x86)\MiKTeX 2.9\tex\generic\pgfplots\pgfplotsstackedplots.c
ode.tex")
("C:\Program Files (x86)\MiKTeX 2.9\tex\generic\pgfplots\pgfplotsplothandlers.c
ode.tex"
("C:\Program Files (x86)\MiKTeX 2.9\tex\generic\pgfplots\pgfplotsmeshplothandle
r.code.tex"))
("C:\Program Files (x86)\MiKTeX 2.9\tex\generic\pgfplots\pgfplots.scaling.code.
tex")
("C:\Program Files (x86)\MiKTeX 2.9\tex\generic\pgfplots\pgfplotscoordprocessin
g.code.tex")
("C:\Program Files (x86)\MiKTeX 2.9\tex\generic\pgfplots\pgfplots.errorbars.cod
e.tex")
("C:\Program Files (x86)\MiKTeX 2.9\tex\generic\pgfplots\pgfplots.markers.code.
tex")
("C:\Program Files (x86)\MiKTeX 2.9\tex\generic\pgfplots\pgfplotsticks.code.tex
")
("C:\Program Files (x86)\MiKTeX 2.9\tex\generic\pgfplots\pgfplots.paths.code.te
x")
("C:\Program Files (x86)\MiKTeX 2.9\tex\generic\pgf\frontendlayer\tikz\librarie
s\tikzlibrarydecorations.code.tex"
("C:\Program Files (x86)\MiKTeX 2.9\tex\generic\pgf\modules\pgfmoduledecoration
s.code.tex"
\pgfdecoratedcompleteddistance=\dimen194
\pgfdecoratedremainingdistance=\dimen195
\pgfdecoratedinputsegmentcompleteddistance=\dimen196
\pgfdecoratedinputsegmentremainingdistance=\dimen197
\pgf@decorate@distancetomove=\dimen198
\pgf@decorate@repeatstate=\count160
\pgfdecorationsegmentamplitude=\dimen199
\pgfdecorationsegmentlength=\dimen200
)
\tikz@lib@dec@box=\box43
)
("C:\Program Files (x86)\MiKTeX 2.9\tex\generic\pgf\frontendlayer\tikz\librarie
s\tikzlibrarydecorations.pathmorphing.code.tex"
("C:\Program Files (x86)\MiKTeX 2.9\tex\generic\pgf\libraries\decorations\pgfli
brarydecorations.pathmorphing.code.tex"))
("C:\Program Files (x86)\MiKTeX 2.9\tex\generic\pgf\frontendlayer\tikz\librarie
s\tikzlibrarydecorations.pathreplacing.code.tex"
("C:\Program Files (x86)\MiKTeX 2.9\tex\generic\pgf\libraries\decorations\pgfli
brarydecorations.pathreplacing.code.tex"))
\pgfplots@numplots=\count161
\pgfplots@xmin@reg=\dimen201
\pgfplots@xmax@reg=\dimen202
\pgfplots@ymin@reg=\dimen203
\pgfplots@ymax@reg=\dimen204
\pgfplots@zmin@reg=\dimen205
\pgfplots@zmax@reg=\dimen206
)
("C:\Program Files (x86)\MiKTeX 2.9\tex\generic\pgf\frontendlayer\tikz\librarie
s\tikzlibraryplotmarks.code.tex"
File: tikzlibraryplotmarks.code.tex 2008/01/09 v2.10 (rcs-revision 1.1)

("C:\Program Files (x86)\MiKTeX 2.9\tex\generic\pgf\libraries\pgflibraryplotmar
ks.code.tex"
File: pgflibraryplotmarks.code.tex 2010/10/15 v2.10 (rcs-revision 1.12)
))) ("C:\Program Files (x86)\MiKTeX 2.9\tex\latex\tools\array.sty"
Package: array 2008/09/09 v2.4c Tabular extension package (FMi)
\col@sep=\dimen207
\extrarowheight=\dimen208
\NC@list=\toks48
\extratabsurround=\skip69
\backup@length=\skip70
) ("C:\Program Files (x86)\MiKTeX 2.9\tex\latex\tools\indentfirst.sty"
Package: indentfirst 1995/11/23 v1.03 Indent first paragraph (DPC)
)
("C:\Program Files (x86)\MiKTeX 2.9\tex\latex\pdfpages\pdfpages.sty"
Package: pdfpages 2013/08/25 v0.4v Insert pages of external PDF documents (AM)

("C:\Program Files (x86)\MiKTeX 2.9\tex\latex\tools\calc.sty"
Package: calc 2007/08/22 v4.3 Infix arithmetic (KKT,FJ)
\calc@Acount=\count162
\calc@Bcount=\count163
\calc@Adimen=\dimen209
\calc@Bdimen=\dimen210
\calc@Askip=\skip71
\calc@Bskip=\skip72
LaTeX Info: Redefining \setlength on input line 76.
LaTeX Info: Redefining \addtolength on input line 77.
\calc@Ccount=\count164
\calc@Cskip=\skip73
)
("C:\Program Files (x86)\MiKTeX 2.9\tex\latex\eso-pic\eso-pic.sty"
Package: eso-pic 2013/10/06 v2.0d eso-pic (RN)
)
Package srcltx Info: Expanded filename `pppdftex.def' to `pppdftex.def.tex' on 
input line 65.

:<+ pppdftex.def.tex
("C:\Program Files (x86)\MiKTeX 2.9\tex\latex\pdfpages\pppdftex.def"
File: pppdftex.def 2013/08/25 v0.4v Pdfpages driver for pdfTeX (AM)
)
:<-
\AM@pagebox=\box44
\AM@toc@title=\toks49
\c@AM@survey=\count165
\AM@templatesizebox=\box45
) ("C:\Program Files (x86)\MiKTeX 2.9\tex\latex\oberdiek\pdflscape.sty"
Package: pdflscape 2008/08/11 v0.10 Display of landscape pages in PDF (HO)

("C:\Program Files (x86)\MiKTeX 2.9\tex\latex\graphics\lscape.sty"
Package: lscape 2000/10/22 v3.01 Landscape Pages (DPC)
)
Package pdflscape Info: Auto-detected driver: pdftex on input line 80.
)
("C:\Program Files (x86)\MiKTeX 2.9\tex\latex\multirow\bigstrut.sty"
\bigstrutjot=\dimen211
)
("C:\Program Files (x86)\MiKTeX 2.9\tex\latex\multirow\multirow.sty")
("C:\Program Files (x86)\MiKTeX 2.9\tex\latex\pgfplots\libs\tikzlibrarypgfplots
.clickable.code.tex"
("C:\Program Files (x86)\MiKTeX 2.9\tex\latex\acrotex\insdljs.sty"
Package: insdljs 2012/06/21 v2.0k Insert Document Level JavaScripts (dps)

("C:\Program Files (x86)\MiKTeX 2.9\tex\latex\tools\verbatim.sty"
Package: verbatim 2003/08/22 v1.5q LaTeX2e package for verbatim enhancements
\every@verbatim=\toks50
\verbatim@line=\toks51
\verbatim@in@stream=\read2
)
\js@verbatim@out=\write4
\c@dljs@cnt=\count166
\c@dljssegs=\count167
\JStoks=\toks52
\importfdftoks=\toks53
\dljsobjtoks=\toks54
)
("C:\Program Files (x86)\MiKTeX 2.9\tex\latex\acrotex\eforms.sty"
Package: eforms 2012/06/20 v2.5o Provides general eForms support (dps)

("C:\Program Files (x86)\MiKTeX 2.9\tex\latex\acrotex\taborder.sty"
Package: taborder 2009/09/04 v0.1 taborder: Sets the tab order, Acrobat Distill
er only (dps)
)
\eq@tmpbox=\box46
\eq@tmpdima=\dimen212
\eqcenterWidget=\dimen213
Package srcltx Info: Expanded filename `epdftex.def' to `epdftex.def.tex' on in
put line 1106.

:<+ epdftex.def.tex
("C:\Program Files (x86)\MiKTeX 2.9\tex\latex\acrotex\epdftex.def")
:<-
)) (C:\Users\TimZ\Documents\GitHub\GHThesis\LaTexThesis\TimPobst-thesis.aux
(C:\Users\TimZ\Documents\GitHub\GHThesis\LaTexThesis\front-matter/acknowledgeme
nts.aux)
(C:\Users\TimZ\Documents\GitHub\GHThesis\LaTexThesis\front-matter/abstract.aux)

(C:\Users\TimZ\Documents\GitHub\GHThesis\LaTexThesis\front-matter/nomenclature.
aux)
(C:\Users\TimZ\Documents\GitHub\GHThesis\LaTexThesis\chapters/chapter-1.aux)
(C:\Users\TimZ\Documents\GitHub\GHThesis\LaTexThesis\chapters/chapter-2.aux)
(C:\Users\TimZ\Documents\GitHub\GHThesis\LaTexThesis\chapters/chapter-3.aux)
(C:\Users\TimZ\Documents\GitHub\GHThesis\LaTexThesis\chapters/chapter-4.aux)
(C:\Users\TimZ\Documents\GitHub\GHThesis\LaTexThesis\back-matter/appendix-1.aux

LaTeX Warning: Label `tab:Site Data' multiply defined.

) (C:\Users\TimZ\Documents\GitHub\GHThesis\LaTexThesis\back-matter/vita.aux))
LaTeX Font Info:    Checking defaults for OML/cmm/m/it on input line 73.
LaTeX Font Info:    ... okay on input line 73.
LaTeX Font Info:    Checking defaults for T1/cmr/m/n on input line 73.
LaTeX Font Info:    ... okay on input line 73.
LaTeX Font Info:    Checking defaults for OT1/cmr/m/n on input line 73.
LaTeX Font Info:    ... okay on input line 73.
LaTeX Font Info:    Checking defaults for OMS/cmsy/m/n on input line 73.
LaTeX Font Info:    ... okay on input line 73.
LaTeX Font Info:    Checking defaults for OMX/cmex/m/n on input line 73.
LaTeX Font Info:    ... okay on input line 73.
LaTeX Font Info:    Checking defaults for U/cmr/m/n on input line 73.
LaTeX Font Info:    ... okay on input line 73.
LaTeX Font Info:    Checking defaults for PD1/pdf/m/n on input line 73.
LaTeX Font Info:    ... okay on input line 73.

*geometry* detected driver: dvips
*geometry* verbose mode - [ preamble ] result:
* driver: dvips
* paper: letterpaper
* layout: <same size as paper>
* layoutoffset:(h,v)=(0.0pt,0.0pt)
* vratio: 1:1
* modes: 
* h-part:(L,W,R)=(108.405pt, 433.62001pt, 72.26999pt)
* v-part:(T,H,B)=(72.26999pt, 623.32875pt, 99.37125pt)
* \paperwidth=614.295pt
* \paperheight=794.96999pt
* \textwidth=433.62001pt
* \textheight=623.32875pt
* \oddsidemargin=36.13501pt
* \evensidemargin=36.13501pt
* \topmargin=-37.0pt
* \headheight=12.0pt
* \headsep=25.0pt
* \topskip=12.0pt
* \footskip=30.0pt
* \marginparwidth=44.0pt
* \marginparsep=10.0pt
* \columnsep=10.0pt
* \skip\footins=10.8pt plus 4.0pt minus 2.0pt
* \hoffset=0.0pt
* \voffset=0.0pt
* \mag=1000
* \@twocolumnfalse
* \@twosidefalse
* \@mparswitchfalse
* \@reversemarginfalse
* (1in=72.27pt=25.4mm, 1cm=28.453pt)

\AtBeginShipoutBox=\box47
Package backref Info: ** backref set up for natbib ** on input line 73.
Package hyperref Info: Link coloring ON on input line 73.
("C:\Program Files (x86)\MiKTeX 2.9\tex\latex\hyperref\nameref.sty"
Package: nameref 2012/10/27 v2.43 Cross-referencing by name of section

("C:\Program Files (x86)\MiKTeX 2.9\tex\generic\oberdiek\gettitlestring.sty"
Package: gettitlestring 2010/12/03 v1.4 Cleanup title references (HO)
)
\c@section@level=\count168
)
LaTeX Info: Redefining \ref on input line 73.
LaTeX Info: Redefining \pageref on input line 73.
LaTeX Info: Redefining \nameref on input line 73.

(C:\Users\TimZ\Documents\GitHub\GHThesis\LaTexThesis\TimPobst-thesis.out)
(C:\Users\TimZ\Documents\GitHub\GHThesis\LaTexThesis\TimPobst-thesis.out)
\@outlinefile=\write5

("C:\Program Files (x86)\MiKTeX 2.9\tex\context\base\supp-pdf.mkii"
[Loading MPS to PDF converter (version 2006.09.02).]
\scratchcounter=\count169
\scratchdimen=\dimen214
\scratchbox=\box48
\nofMPsegments=\count170
\nofMParguments=\count171
\everyMPshowfont=\toks55
\MPscratchCnt=\count172
\MPscratchDim=\dimen215
\MPnumerator=\count173
\makeMPintoPDFobject=\count174
\everyMPtoPDFconversion=\toks56
)
Package caption Info: Begin \AtBeginDocument code.
Package caption Info: subfig package v1.3 is loaded.
Package caption Info: rotating package is loaded.
Package caption Info: End \AtBeginDocument code.
 ABD: EveryShipout initializing macros

Package pgfplots Warning: running in backwards compatibility mode (unsuitable t
ick labels; missing features). Consider writing \pgfplotsset{compat=1.9} into y
our preamble.
 on input line 73.

LaTeX Font Info:    Try loading font information for U+pzd on input line 73.
("C:\Program Files (x86)\MiKTeX 2.9\tex\latex\psnfss\upzd.fd"
File: upzd.fd 2001/06/04 font definitions for U/pzd.
){C:/ProgramData/MiKTeX/2.9/pdftex/config/pdftex.map}
Package srcltx Info: Expanded filename `pgfplotsJS.djs' to `pgfplotsJS.djs.tex'
 on input line 73.

:<+ pgfplotsJS.djs.tex
(C:\Users\TimZ\Documents\GitHub\GHThesis\LaTexThesis\pgfplotsJS.djs
Package srcltx Info: Expanded filename `dljscc.def' to `dljscc.def.tex' on inpu
t line 790.

:<+ dljscc.def.tex
("C:\Program Files (x86)\MiKTeX 2.9\tex\latex\acrotex\dljscc.def")
:<-
)
:<-
LaTeX Font Info:    Try loading font information for U+msa on input line 76.
("C:\Program Files (x86)\MiKTeX 2.9\tex\latex\amsfonts\umsa.fd"
File: umsa.fd 2013/01/14 v3.01 AMS symbols A
)
LaTeX Font Info:    Try loading font information for U+msb on input line 76.

("C:\Program Files (x86)\MiKTeX 2.9\tex\latex\amsfonts\umsb.fd"
File: umsb.fd 2013/01/14 v3.01 AMS symbols B
)
LaTeX Font Info:    Try loading font information for U+rsfs on input line 76.

("C:\Program Files (x86)\MiKTeX 2.9\tex\latex\jknappen\ursfs.fd"
File: ursfs.fd 1998/03/24 rsfs font definition file (jk)
)

LaTeX Font Warning: Font shape `OT1/cmr/m/n' in size <11.38092> not available
(Font)              size <10.95> substituted on input line 76.

[1
Non-PDF special ignored!

]
Underfull \hbox (badness 10000) in paragraph at lines 77--77

 []


Underfull \hbox (badness 10000) in paragraph at lines 77--77

 []

[2] [3




]
LaTeX Font Info:    Try loading font information for OMS+cmr on input line 86.
 ("C:\Program Files (x86)\MiKTeX 2.9\tex\latex\base\omscmr.fd"
File: omscmr.fd 1999/05/25 v2.5h Standard LaTeX font definitions
)
LaTeX Font Info:    Font shape `OMS/cmr/m/n' in size <12> not available
(Font)              Font shape `OMS/cmsy/m/n' tried instead on input line 86.
 [2


]
:<+ front-matter/acknowledgements.tex

(C:\Users\TimZ\Documents\GitHub\GHThesis\LaTexThesis\front-matter/acknowledgeme
nts.tex) [3





]
:<-
:<+ front-matter/abstract.tex
(C:\Users\TimZ\Documents\GitHub\GHThesis\LaTexThesis\front-matter/abstract.tex
[4






]) [5]
:<-
(C:\Users\TimZ\Documents\GitHub\GHThesis\LaTexThesis\TimPobst-thesis.toc
[6




])
\tf@toc=\write6
 [7]
(C:\Users\TimZ\Documents\GitHub\GHThesis\LaTexThesis\TimPobst-thesis.lot
[8



])
\tf@lot=\write7
 [9]
(C:\Users\TimZ\Documents\GitHub\GHThesis\LaTexThesis\TimPobst-thesis.lof
[10



])
\tf@lof=\write8
\@nomenclaturefile=\write9

Writing nomenclature file TimPobst-thesis.nlo
[11]
No file TimPobst-thesis.nls.
:<+ front-matter/nomenclature.tex

(C:\Users\TimZ\Documents\GitHub\GHThesis\LaTexThesis\front-matter/nomenclature.
tex)
:<-
:<+ chapters/chapter-1.tex
(C:\Users\TimZ\Documents\GitHub\GHThesis\LaTexThesis\chapters/chapter-1.tex
Chapter 1.
<figures/pdf/location.png, id=490, 663.22781pt x 185.94469pt>
File: figures/pdf/location.png Graphic file (type png)

<use figures/pdf/location.png>
Package pdftex.def Info: figures/pdf/location.png used on input line 7.
(pdftex.def)             Requested size: 433.62pt x 121.57191pt.
 [1








 <C:/Users/TimZ/Documents/GitHub/GHThesis/LaTexThesis/figures/pdf/location.png>
] [2]

pdfTeX warning: pdflatex.EXE (file C:/Users/TimZ/Documents/GitHub/GHThesis/LaTe
xThesis/figures/pdf/SSsites.pdf): PDF inclusion: found PDF version <1.7>, but a
t most version <1.5> allowed
<figures/pdf/SSsites.pdf, id=534, 794.97pt x 614.295pt>
File: figures/pdf/SSsites.pdf Graphic file (type pdf)

<use figures/pdf/SSsites.pdf>
Package pdftex.def Info: figures/pdf/SSsites.pdf used on input line 54.
(pdftex.def)             Requested size: 433.62pt x 335.07939pt.


LaTeX Warning: `!h' float specifier changed to `!ht'.

[3] [4 <C:/Users/TimZ/Documents/GitHub/GHThesis/LaTexThesis/figures/pdf/SSsites
.pdf>]
Missing character: There is no Î in font cmr12!
Missing character: There is no ¼ in font cmr12!
Package srcltx Info: Expanded filename `FiguresnTables/Odomtable' to `FiguresnT
ables/Odomtable.tex' on input line 85.

:<+ FiguresnTables/Odomtable.tex

(C:\Users\TimZ\Documents\GitHub\GHThesis\LaTexThesis\FiguresnTables/Odomtable.t
ex
Underfull \hbox (badness 1515) in paragraph at lines 5--5
[]|\OT1/cmr/m/n/12 Percent of
 []


Underfull \hbox (badness 1515) in paragraph at lines 5--5
[]|\OT1/cmr/m/n/12 Percent of
 []


Underfull \hbox (badness 10000) in paragraph at lines 5--5
\OT1/cmr/m/n/12 sam-pling
 []

)
:<-
Package srcltx Info: Expanded filename `FiguresnTables/Historic43elevbands' to 
`FiguresnTables/Historic43elevbands.tex' on input line 87.
:<+ FiguresnTables/Historic43elevbands.tex

(C:\Users\TimZ\Documents\GitHub\GHThesis\LaTexThesis\FiguresnTables/Historic43e
levbands.tex)
:<-
[5] [6]

pdfTeX warning: pdflatex.EXE (file C:/Users/TimZ/Documents/GitHub/GHThesis/LaTe
xThesis/figures/pdf/DepositionHeat.pdf): PDF inclusion: found PDF version <1.7>
, but at most version <1.5> allowed
<figures/pdf/DepositionHeat.pdf, id=581, 794.97pt x 614.295pt>
File: figures/pdf/DepositionHeat.pdf Graphic file (type pdf)

<use figures/pdf/DepositionHeat.pdf>
Package pdftex.def Info: figures/pdf/DepositionHeat.pdf used on input line 97.
(pdftex.def)             Requested size: 433.62pt x 335.07939pt.
 [7 <C:/Users/TimZ/Documents/GitHub/GHThesis/LaTexThesis/figures/pdf/Deposition
Heat.pdf>]
Package srcltx Info: Expanded filename `FiguresnTables/elevationbands' to `Figu
resnTables/elevationbands.tex' on input line 114.

:<+ FiguresnTables/elevationbands.tex

(C:\Users\TimZ\Documents\GitHub\GHThesis\LaTexThesis\FiguresnTables/elevationba
nds.tex)
:<-
[8] [9] <figures/pdf/pHdata.pdf, id=635, 794.97pt x 614.295pt>
File: figures/pdf/pHdata.pdf Graphic file (type pdf)

<use figures/pdf/pHdata.pdf>
Package pdftex.def Info: figures/pdf/pHdata.pdf used on input line 147.
(pdftex.def)             Requested size: 433.62pt x 335.07939pt.
 [10 <C:/Users/TimZ/Documents/GitHub/GHThesis/LaTexThesis/figures/pdf/pHdata.pd
f>] [11]
Missing character: There is no â in font cmr12!
Missing character: There is no € in font cmr12!
Missing character: There is no ™ in font cmr12!
) [12]
:<-
:<+ chapters/chapter-2.tex
(C:\Users\TimZ\Documents\GitHub\GHThesis\LaTexThesis\chapters/chapter-2.tex
Chapter 2.
[13




] [14]
Package srcltx Info: Expanded filename `FiguresnTables/stepwiseeq' to `Figuresn
Tables/stepwiseeq.tex' on input line 50.

:<+ FiguresnTables/stepwiseeq.tex

(C:\Users\TimZ\Documents\GitHub\GHThesis\LaTexThesis\FiguresnTables/stepwiseeq.
tex
Underfull \hbox (badness 2326) in paragraph at lines 9--9
[]|$\OT1/cmr/m/n/12 (\OMS/cmsy/m/n/12  \OML/cmm/m/it/12 :\OT1/cmr/m/n/12 295 \O
MS/cmsy/m/n/12  [][]\OT1/cmr/m/n/12 ) + (\OMS/cmsy/m/n/12  \OT1/cmr/m/n/12 3\O
ML/cmm/m/it/12 :\OT1/cmr/m/n/12 183 \OMS/cmsy/m/n/12  []\OT1/cmr/m/n/12 ) +$
 []


Underfull \hbox (badness 10000) in paragraph at lines 9--9
$\OT1/cmr/m/n/12 (2\OML/cmm/m/it/12 :\OT1/cmr/m/n/12 19 \OMS/cmsy/m/n/12  []\O
T1/cmr/m/n/12 ) + (\OML/cmm/m/it/12 :\OT1/cmr/m/n/12 923 \OMS/cmsy/m/n/12 $
 []


Underfull \hbox (badness 10000) in paragraph at lines 9--9
$[]\OT1/cmr/m/n/12 ) + (\OML/cmm/m/it/12 :\OT1/cmr/m/n/12 120 \OMS/cmsy/m/n/12 
$
 []


Underfull \hbox (badness 2142) in paragraph at lines 9--9
$[]\OT1/cmr/m/n/12 ) + (\OML/cmm/m/it/12 :\OT1/cmr/m/n/12 051 \OMS/cmsy/m/n/12 
 []\OT1/cmr/m/n/12 ) + (\OML/cmm/m/it/12 :\OT1/cmr/m/n/12 047 \OMS/cmsy/m/n/12
 $
 []


Underfull \hbox (badness 10000) in paragraph at lines 10--10
$\OT1/cmr/m/n/12 (\OMS/cmsy/m/n/12  \OT1/cmr/m/n/12 3\OML/cmm/m/it/12 :\OT1/cmr
/m/n/12 229 \OMS/cmsy/m/n/12  []\OT1/cmr/m/n/12 ) + (1\OML/cmm/m/it/12 :\OT1/c
mr/m/n/12 033 \OMS/cmsy/m/n/12 $
 []


Overfull \hbox (5.80103pt too wide) in paragraph at lines 3--14
[][]
 []

)
:<-
[15]
Package srcltx Info: Expanded filename `FiguresnTables/variables' to `FiguresnT
ables/variables.tex' on input line 59.

:<+ FiguresnTables/variables.tex

(C:\Users\TimZ\Documents\GitHub\GHThesis\LaTexThesis\FiguresnTables/variables.t
ex
Overfull \hbox (8.02391pt too wide) in paragraph at lines 4--30
 [][] 
 []

)
:<-
[16]
Package srcltx Info: Expanded filename `FiguresnTables/Set1SWJD' to `FiguresnTa
bles/Set1SWJD.tex' on input line 75.

:<+ FiguresnTables/Set1SWJD.tex

(C:\Users\TimZ\Documents\GitHub\GHThesis\LaTexThesis\FiguresnTables/Set1SWJD.te
x)
:<-
Package srcltx Info: Expanded filename `FiguresnTables/Set2SWJD' to `FiguresnTa
bles/Set2SWJD.tex' on input line 77.
:<+ FiguresnTables/Set2SWJD.tex

(C:\Users\TimZ\Documents\GitHub\GHThesis\LaTexThesis\FiguresnTables/Set2SWJD.te
x)
:<-
Package srcltx Info: Expanded filename `FiguresnTables/Set3SWJD' to `FiguresnTa
bles/Set3SWJD.tex' on input line 79.
:<+ FiguresnTables/Set3SWJD.tex

(C:\Users\TimZ\Documents\GitHub\GHThesis\LaTexThesis\FiguresnTables/Set3SWJD.te
x)
:<-
[17] [18] [19] [20]
Package srcltx Info: Expanded filename `FiguresnTables/Set1TVJD' to `FiguresnTa
bles/Set1TVJD.tex' on input line 107.

:<+ FiguresnTables/Set1TVJD.tex

(C:\Users\TimZ\Documents\GitHub\GHThesis\LaTexThesis\FiguresnTables/Set1TVJD.te
x)
:<-
Package srcltx Info: Expanded filename `FiguresnTables/Set2TVJD' to `FiguresnTa
bles/Set2TVJD.tex' on input line 109.
:<+ FiguresnTables/Set2TVJD.tex

(C:\Users\TimZ\Documents\GitHub\GHThesis\LaTexThesis\FiguresnTables/Set2TVJD.te
x)
:<-
Package srcltx Info: Expanded filename `FiguresnTables/Set3TVJD' to `FiguresnTa
bles/Set3TVJD.tex' on input line 111.
:<+ FiguresnTables/Set3TVJD.tex

(C:\Users\TimZ\Documents\GitHub\GHThesis\LaTexThesis\FiguresnTables/Set3TVJD.te
x)
:<-
[21] [22] [23] [24]
Package srcltx Info: Expanded filename `FiguresnTables/Elevationtrends' to `Fig
uresnTables/Elevationtrends.tex' on input line 134.

:<+ FiguresnTables/Elevationtrends.tex

(C:\Users\TimZ\Documents\GitHub\GHThesis\LaTexThesis\FiguresnTables/Elevationtr
ends.tex)
:<-
[25] [26] [27]) [28]
:<-
:<+ chapters/chapter-3.tex
(C:\Users\TimZ\Documents\GitHub\GHThesis\LaTexThesis\chapters/chapter-3.tex
Chapter 3.


pdfTeX warning: pdflatex.EXE (file C:/Users/TimZ/Documents/GitHub/GHThesis/LaTe
xThesis/figures/pdf/SulfateEmissions.pdf): PDF inclusion: found PDF version <1.
7>, but at most version <1.5> allowed
<figures/pdf/SulfateEmissions.pdf, id=840, 794.97pt x 614.295pt>
File: figures/pdf/SulfateEmissions.pdf Graphic file (type pdf)

<use figures/pdf/SulfateEmissions.pdf>
Package pdftex.def Info: figures/pdf/SulfateEmissions.pdf used on input line 11
.
(pdftex.def)             Requested size: 433.62pt x 335.07939pt.


LaTeX Warning: `!h' float specifier changed to `!ht'.

[29




] [30 <C:/Users/TimZ/Documents/GitHub/GHThesis/LaTexThesis/figures/pdf/SulfateE
missions.pdf>]
Package srcltx Info: Expanded filename `FiguresnTables/Bontable' to `FiguresnTa
bles/Bontable.tex' on input line 50.

:<+ FiguresnTables/Bontable.tex

(C:\Users\TimZ\Documents\GitHub\GHThesis\LaTexThesis\FiguresnTables/Bontable.te
x
Underfull \hbox (badness 10000) in paragraph at lines 6--6
[]|\OT1/cmr/m/n/12 Elevation
 []

[31])
:<-
Package srcltx Info: Expanded filename `FiguresnTables/ANOVApH' to `FiguresnTab
les/ANOVApH.tex' on input line 59.
:<+ FiguresnTables/ANOVApH.tex

(C:\Users\TimZ\Documents\GitHub\GHThesis\LaTexThesis\FiguresnTables/ANOVApH.tex

Underfull \hbox (badness 4416) in paragraph at lines 2--73
[]$[]$   $[]$
 []


Underfull \hbox (badness 4416) in paragraph at lines 2--73
$[]$   $[]$
 []


Overfull \hbox (17.62482pt too wide) in paragraph at lines 1--74
[]$[]$ 
 []

)
:<-
Package srcltx Info: Expanded filename `FiguresnTables/ANOVAANC' to `FiguresnTa
bles/ANOVAANC.tex' on input line 61.
:<+ FiguresnTables/ANOVAANC.tex

(C:\Users\TimZ\Documents\GitHub\GHThesis\LaTexThesis\FiguresnTables/ANOVAANC.te
x [32]
Underfull \hbox (badness 4416) in paragraph at lines 2--73
[]$[]$   $[]$
 []


Underfull \hbox (badness 4416) in paragraph at lines 2--73
$[]$   $[]$
 []

)
:<-

Overfull \hbox (17.62482pt too wide) in paragraph at lines 1--62
[]$[]$
 []


Underfull \hbox (badness 10000) in paragraph at lines 1--62

 []

Package srcltx Info: Expanded filename `FiguresnTables/ANOVANitrate' to `Figure
snTables/ANOVANitrate.tex' on input line 63.
:<+ FiguresnTables/ANOVANitrate.tex

(C:\Users\TimZ\Documents\GitHub\GHThesis\LaTexThesis\FiguresnTables/ANOVANitrat
e.tex [33])
:<-

Overfull \hbox (17.62482pt too wide) in paragraph at lines 1--64
[]$[]$
 []


Underfull \hbox (badness 10000) in paragraph at lines 1--64

 []

Package srcltx Info: Expanded filename `FiguresnTables/ANOVASulfate' to `Figure
snTables/ANOVASulfate.tex' on input line 65.
:<+ FiguresnTables/ANOVASulfate.tex

(C:\Users\TimZ\Documents\GitHub\GHThesis\LaTexThesis\FiguresnTables/ANOVASulfat
e.tex [34])
:<-

Overfull \hbox (17.62482pt too wide) in paragraph at lines 1--66
[]$[]$
 []

[35] [36] [37] [38]) [39]
:<-
:<+ chapters/chapter-4.tex
(C:\Users\TimZ\Documents\GitHub\GHThesis\LaTexThesis\chapters/chapter-4.tex
Chapter 4.
Package srcltx Info: Expanded filename `FiguresnTables/HypothesisTests' to `Fig
uresnTables/HypothesisTests.tex' on input line 19.
:<+ FiguresnTables/HypothesisTests.tex

(C:\Users\TimZ\Documents\GitHub\GHThesis\LaTexThesis\FiguresnTables/HypothesisT
ests.tex
Overfull \vbox (21.75002pt too high) detected at line 11
 []


Overfull \vbox (21.75002pt too high) detected at line 11
 []

[40




])
:<-
[41]

Package amsmath Warning: Foreign command \over;
(amsmath)                \frac or \genfrac should be used instead
(amsmath)                 on input line 43.

[42] [43]
Package srcltx Info: Expanded filename `FiguresnTables/pHSWPHPA' to `FiguresnTa
bles/pHSWPHPA.tex' on input line 88.

:<+ FiguresnTables/pHSWPHPA.tex

(C:\Users\TimZ\Documents\GitHub\GHThesis\LaTexThesis\FiguresnTables/pHSWPHPA.te
x)
:<-
Package srcltx Info: Expanded filename `FiguresnTables/ANCSWPHPA' to `FiguresnT
ables/ANCSWPHPA.tex' on input line 90.
:<+ FiguresnTables/ANCSWPHPA.tex

(C:\Users\TimZ\Documents\GitHub\GHThesis\LaTexThesis\FiguresnTables/ANCSWPHPA.t
ex)
:<-
Package srcltx Info: Expanded filename `FiguresnTables/NO3SWPHPA' to `FiguresnT
ables/NO3SWPHPA.tex' on input line 92.
:<+ FiguresnTables/NO3SWPHPA.tex

(C:\Users\TimZ\Documents\GitHub\GHThesis\LaTexThesis\FiguresnTables/NO3SWPHPA.t
ex)
:<-
Package srcltx Info: Expanded filename `FiguresnTables/SO4SWPHPA' to `FiguresnT
ables/SO4SWPHPA.tex' on input line 94.
:<+ FiguresnTables/SO4SWPHPA.tex

(C:\Users\TimZ\Documents\GitHub\GHThesis\LaTexThesis\FiguresnTables/SO4SWPHPA.t
ex)
:<-
Package srcltx Info: Expanded filename `FiguresnTables/pHTVPHPA' to `FiguresnTa
bles/pHTVPHPA.tex' on input line 96.
:<+ FiguresnTables/pHTVPHPA.tex

(C:\Users\TimZ\Documents\GitHub\GHThesis\LaTexThesis\FiguresnTables/pHTVPHPA.te
x)
:<-
Package srcltx Info: Expanded filename `FiguresnTables/ANCTVPHPA' to `FiguresnT
ables/ANCTVPHPA.tex' on input line 98.
:<+ FiguresnTables/ANCTVPHPA.tex

(C:\Users\TimZ\Documents\GitHub\GHThesis\LaTexThesis\FiguresnTables/ANCTVPHPA.t
ex)
:<-
Package srcltx Info: Expanded filename `FiguresnTables/NO3TVPHPA' to `FiguresnT
ables/NO3TVPHPA.tex' on input line 100.
:<+ FiguresnTables/NO3TVPHPA.tex

(C:\Users\TimZ\Documents\GitHub\GHThesis\LaTexThesis\FiguresnTables/NO3TVPHPA.t
ex)
:<-
Package srcltx Info: Expanded filename `FiguresnTables/SO4TVPHPA' to `FiguresnT
ables/SO4TVPHPA.tex' on input line 102.
:<+ FiguresnTables/SO4TVPHPA.tex

(C:\Users\TimZ\Documents\GitHub\GHThesis\LaTexThesis\FiguresnTables/SO4TVPHPA.t
ex)
:<-
[44] [45] [46] [47] [48] [49] [50] [51] [52]
Package srcltx Info: Expanded filename `FiguresnTables/pHPowerGraph' to `Figure
snTables/pHPowerGraph.tex' on input line 125.

:<+ FiguresnTables/pHPowerGraph.tex

(C:\Users\TimZ\Documents\GitHub\GHThesis\LaTexThesis\FiguresnTables/pHPowerGrap
h.tex)
:<-
[53]
Package srcltx Info: Expanded filename `FiguresnTables/ANCnNitratepowergraph' t
o `FiguresnTables/ANCnNitratepowergraph.tex' on input line 127.

:<+ FiguresnTables/ANCnNitratepowergraph.tex

(C:\Users\TimZ\Documents\GitHub\GHThesis\LaTexThesis\FiguresnTables/ANCnNitrate
powergraph.tex)
:<-
Package srcltx Info: Expanded filename `FiguresnTables/Sulfatepowergraph' to `F
iguresnTables/Sulfatepowergraph.tex' on input line 129.
:<+ FiguresnTables/Sulfatepowergraph.tex

(C:\Users\TimZ\Documents\GitHub\GHThesis\LaTexThesis\FiguresnTables/Sulfatepowe
rgraph.tex)
:<-
[54]
Package srcltx Info: Expanded filename `FiguresnTables/TVpowergraph' to `Figure
snTables/TVpowergraph.tex' on input line 131.

:<+ FiguresnTables/TVpowergraph.tex

(C:\Users\TimZ\Documents\GitHub\GHThesis\LaTexThesis\FiguresnTables/TVpowergrap
h.tex)
:<-
Package srcltx Info: Expanded filename `FiguresnTables/aprioritable' to `Figure
snTables/aprioritable.tex' on input line 135.
:<+ FiguresnTables/aprioritable.tex

(C:\Users\TimZ\Documents\GitHub\GHThesis\LaTexThesis\FiguresnTables/aprioritabl
e.tex)
:<-
[55] [56]
Package srcltx Info: Expanded filename `FiguresnTables/sytaapeighty' to `Figure
snTables/sytaapeighty.tex' on input line 153.

:<+ FiguresnTables/sytaapeighty.tex

(C:\Users\TimZ\Documents\GitHub\GHThesis\LaTexThesis\FiguresnTables/sytaapeight
y.tex)
:<-
Package srcltx Info: Expanded filename `FiguresnTables/currentyrsto.80' to `Fig
uresnTables/currentyrsto.80.tex' on input line 166.
:<+ FiguresnTables/currentyrsto.80.tex

(C:\Users\TimZ\Documents\GitHub\GHThesis\LaTexThesis\FiguresnTables/currentyrst
o.80.tex
Overfull \hbox (5.46066pt too wide) in paragraph at lines 5--5
[]|\OT1/cmr/m/n/12 Elevation
 []


Underfull \hbox (badness 10000) in paragraph at lines 5--5
[]|\OT1/cmr/m/n/12 Current
 []


Underfull \hbox (badness 10000) in paragraph at lines 5--5
[]|\OT1/cmr/m/n/12 ANC
 []


Underfull \hbox (badness 10000) in paragraph at lines 5--5
[]|\OT1/cmr/m/n/12 Time
 []


Underfull \hbox (badness 1596) in paragraph at lines 9--9
[]|\OT1/cmr/m/n/12 114, 481, 482, 149,
 []

)
:<-
[57]
Package srcltx Info: Expanded filename `FiguresnTables/WQapsenario' to `Figures
nTables/WQapsenario.tex' on input line 176.

:<+ FiguresnTables/WQapsenario.tex

(C:\Users\TimZ\Documents\GitHub\GHThesis\LaTexThesis\FiguresnTables/WQapsenario
.tex)
:<-
Package srcltx Info: Expanded filename `FiguresnTables/TVapsenario' to `Figures
nTables/TVapsenario.tex' on input line 178.
:<+ FiguresnTables/TVapsenario.tex

(C:\Users\TimZ\Documents\GitHub\GHThesis\LaTexThesis\FiguresnTables/TVapsenario
.tex)
:<-
[58] [59] [60]) [61]
:<-
:<+ TimPobst-thesis.bbl
(C:\Users\TimZ\Documents\GitHub\GHThesis\LaTexThesis\TimPobst-thesis.bbl
(C:\Users\TimZ\Documents\GitHub\GHThesis\LaTexThesis\TimPobst-thesis.brf)
\tf@brf=\write10

[62



] [63

] [64]
Underfull \hbox (badness 1087) in paragraph at lines 134--134
\OT1/cmr/m/n/12 mod-el-ing of at-mo-spheric de-po-si-tion in moun-tain-ous land
-scapes.  \OT1/cmr/m/it/12 Eco-log-i-cal
 []

)
:<-
[65] [66]
:<+ back-matter/appendix-1.tex

(C:\Users\TimZ\Documents\GitHub\GHThesis\LaTexThesis\back-matter/appendix-1.tex
Appendix A.
[67



]
Package srcltx Info: Expanded filename `FiguresnTables/SiteData1' to `FiguresnT
ables/SiteData1.tex' on input line 5.

:<+ FiguresnTables/SiteData1.tex

(C:\Users\TimZ\Documents\GitHub\GHThesis\LaTexThesis\FiguresnTables/SiteData1.t
ex)
:<-
[68]
Package srcltx Info: Expanded filename `FiguresnTables/SiteData2' to `FiguresnT
ables/SiteData2.tex' on input line 7.

:<+ FiguresnTables/SiteData2.tex

(C:\Users\TimZ\Documents\GitHub\GHThesis\LaTexThesis\FiguresnTables/SiteData2.t
ex
Underfull \hbox (badness 10000) in paragraph at lines 6--6
[]|\OT1/cmr/m/n/8 Elevation
 []


Underfull \hbox (badness 10000) in paragraph at lines 6--6
[]|\OT1/cmr/m/n/8 Elevation
 []


Underfull \hbox (badness 1661) in paragraph at lines 6--6
[]|\OT1/cmr/m/n/8 Historical El-e-
 []


Underfull \hbox (badness 10000) in paragraph at lines 6--6
[]|\OT1/cmr/m/n/8 New
 []


Underfull \hbox (badness 10000) in paragraph at lines 6--6
\OT1/cmr/m/n/8 el-e-va-tion
 []

)
:<-
[69]
Appendix B.
[70

]
Package srcltx Info: Expanded filename `FiguresnTables/DSpH' to `FiguresnTables
/DSpH.tex' on input line 13.

:<+ FiguresnTables/DSpH.tex
(C:\Users\TimZ\Documents\GitHub\GHThesis\LaTexThesis\FiguresnTables/DSpH.tex)
:<-
[71]
Package srcltx Info: Expanded filename `FiguresnTables/DSANC' to `FiguresnTable
s/DSANC.tex' on input line 16.

:<+ FiguresnTables/DSANC.tex
(C:\Users\TimZ\Documents\GitHub\GHThesis\LaTexThesis\FiguresnTables/DSANC.tex)
:<-
[72]
Package srcltx Info: Expanded filename `FiguresnTables/DSNO3' to `FiguresnTable
s/DSNO3.tex' on input line 19.

:<+ FiguresnTables/DSNO3.tex
(C:\Users\TimZ\Documents\GitHub\GHThesis\LaTexThesis\FiguresnTables/DSNO3.tex)
:<-
[73]
Package srcltx Info: Expanded filename `FiguresnTables/DSSO4' to `FiguresnTable
s/DSSO4.tex' on input line 22.

:<+ FiguresnTables/DSSO4.tex
(C:\Users\TimZ\Documents\GitHub\GHThesis\LaTexThesis\FiguresnTables/DSSO4.tex)
:<-
[74])
:<-
:<+ back-matter/vita.tex
(C:\Users\TimZ\Documents\GitHub\GHThesis\LaTexThesis\back-matter/vita.tex)
[75






]
:<-
Package atveryend Info: Empty hook `BeforeClearDocument' on input line 141.
Package atveryend Info: Empty hook `AfterLastShipout' on input line 141.
(C:\Users\TimZ\Documents\GitHub\GHThesis\LaTexThesis\TimPobst-thesis.aux
(C:\Users\TimZ\Documents\GitHub\GHThesis\LaTexThesis\front-matter/acknowledgeme
nts.aux)
(C:\Users\TimZ\Documents\GitHub\GHThesis\LaTexThesis\front-matter/abstract.aux)

(C:\Users\TimZ\Documents\GitHub\GHThesis\LaTexThesis\front-matter/nomenclature.
aux)
(C:\Users\TimZ\Documents\GitHub\GHThesis\LaTexThesis\chapters/chapter-1.aux)
(C:\Users\TimZ\Documents\GitHub\GHThesis\LaTexThesis\chapters/chapter-2.aux)
(C:\Users\TimZ\Documents\GitHub\GHThesis\LaTexThesis\chapters/chapter-3.aux)
(C:\Users\TimZ\Documents\GitHub\GHThesis\LaTexThesis\chapters/chapter-4.aux)
(C:\Users\TimZ\Documents\GitHub\GHThesis\LaTexThesis\back-matter/appendix-1.aux
) (C:\Users\TimZ\Documents\GitHub\GHThesis\LaTexThesis\back-matter/vita.aux))
Package atveryend Info: Executing hook `AtVeryEndDocument' on input line 141.
Package atveryend Info: Executing hook `AtEndAfterFileList' on input line 141.
Package rerunfilecheck Info: File `TimPobst-thesis.out' has not changed.
(rerunfilecheck)             Checksum: D6DBC20C3583B1761B41C89B0232161B;3086.
Package rerunfilecheck Info: File `TimPobst-thesis.brf' has not changed.
(rerunfilecheck)             Checksum: 88D3FF8B965F90E283A13D91CF720C9A;4345.


LaTeX Font Warning: Size substitutions with differences
(Font)              up to 0.43092pt have occurred.


LaTeX Warning: There were multiply-defined labels.

Package atveryend Info: Empty hook `AtVeryVeryEnd' on input line 141.
 ) 
Here is how much of TeX's memory you used:
 27684 strings out of 493921
 602584 string characters out of 3144878
 848504 words of memory out of 3000000
 29958 multiletter control sequences out of 15000+200000
 14580 words of font info for 58 fonts, out of 3000000 for 9000
 841 hyphenation exceptions out of 8191
 64i,19n,100p,782b,2122s stack positions out of 5000i,500n,10000p,200000b,50000s
<C:/Program Files (x86)/MiKTeX 2.9/fonts/type1/public/amsfonts/cm/cmbx12.pfb>
<C:/Program Files (x86)/MiKTeX 2.9/fonts/type1/public/amsfonts/cm/cmmi10.pfb><C
:/Program Files (x86)/MiKTeX 2.9/fonts/type1/public/amsfonts/cm/cmmi12.pfb><C:/
Program Files (x86)/MiKTeX 2.9/fonts/type1/public/amsfonts/cm/cmmi8.pfb><C:/Pro
gram Files (x86)/MiKTeX 2.9/fonts/type1/public/amsfonts/cm/cmr10.pfb><C:/Progra
m Files (x86)/MiKTeX 2.9/fonts/type1/public/amsfonts/cm/cmr12.pfb><C:/Program F
iles (x86)/MiKTeX 2.9/fonts/type1/public/amsfonts/cm/cmr17.pfb><C:/Program File
s (x86)/MiKTeX 2.9/fonts/type1/public/amsfonts/cm/cmr8.pfb><C:/Program Files (x
86)/MiKTeX 2.9/fonts/type1/public/amsfonts/cm/cmss12.pfb><C:/Program Files (x86
)/MiKTeX 2.9/fonts/type1/public/amsfonts/cm/cmsy10.pfb><C:/Program Files (x86)/
MiKTeX 2.9/fonts/type1/public/amsfonts/cm/cmsy8.pfb><C:/Program Files (x86)/MiK
TeX 2.9/fonts/type1/public/amsfonts/cm/cmti12.pfb><C:/Program Files (x86)/MiKTe
X 2.9/fonts/type1/public/amsfonts/cm/cmtt12.pfb><C:/Program Files (x86)/MiKTeX 
2.9/fonts/type1/urw/zapfding/uzdr.pfb>
Output written on TimPobst-thesis.pdf (88 pages, 1365849 bytes).
PDF statistics:
 1480 PDF objects out of 1728 (max. 8388607)
 265 named destinations out of 1000 (max. 500000)
 464 words of extra memory for PDF output out of 10000 (max. 10000000)

